{"D:\\a web project\\portfolio-cms-backend\\backend-express\\src\\config\\cloudinary.js": {"path":"D:\\a web project\\portfolio-cms-backend\\backend-express\\src\\config\\cloudinary.js","statementMap":{"0":{"start":{"line":5,"column":0},"end":{"line":9,"column":3}}},"fnMap":{},"branchMap":{},"s":{"0":3},"f":{},"b":{},"meta":{"lastBranch":0,"lastFunction":0,"lastStatement":1,"seen":{"s:5:0:9:3":0}}}
,"D:\\a web project\\portfolio-cms-backend\\backend-express\\src\\config\\env.js": {"path":"D:\\a web project\\portfolio-cms-backend\\backend-express\\src\\config\\env.js","statementMap":{"0":{"start":{"line":3,"column":0},"end":{"line":3,"column":null}},"1":{"start":{"line":5,"column":22},"end":{"line":17,"column":null}},"2":{"start":{"line":20,"column":24},"end":{"line":20,"column":null}},"3":{"start":{"line":21,"column":0},"end":{"line":25,"column":null}},"4":{"start":{"line":22,"column":2},"end":{"line":24,"column":null}},"5":{"start":{"line":23,"column":4},"end":{"line":23,"column":null}}},"fnMap":{},"branchMap":{"0":{"loc":{"start":{"line":9,"column":12},"end":{"line":9,"column":null}},"type":"binary-expr","locations":[{"start":{"line":9,"column":12},"end":{"line":9,"column":36}},{"start":{"line":9,"column":36},"end":{"line":9,"column":null}}],"line":9},"1":{"loc":{"start":{"line":10,"column":8},"end":{"line":10,"column":null}},"type":"binary-expr","locations":[{"start":{"line":10,"column":8},"end":{"line":10,"column":28}},{"start":{"line":10,"column":28},"end":{"line":10,"column":null}}],"line":10},"2":{"loc":{"start":{"line":22,"column":2},"end":{"line":24,"column":null}},"type":"if","locations":[{"start":{"line":22,"column":2},"end":{"line":24,"column":null}},{"start":{},"end":{}}],"line":22}},"s":{"0":4,"1":4,"2":4,"3":4,"4":12,"5":0},"f":{},"b":{"0":[4,0],"1":[4,4],"2":[0,12]},"meta":{"lastBranch":3,"lastFunction":0,"lastStatement":6,"seen":{"s:3:0:3:Infinity":0,"s:5:22:17:Infinity":1,"b:9:12:9:36:9:36:9:Infinity":0,"b:10:8:10:28:10:28:10:Infinity":1,"s:20:24:20:Infinity":2,"s:21:0:25:Infinity":3,"b:22:2:24:Infinity:undefined:undefined:undefined:undefined":2,"s:22:2:24:Infinity":4,"s:23:4:23:Infinity":5}}}
,"D:\\a web project\\portfolio-cms-backend\\backend-express\\src\\config\\google-oauth.js": {"path":"D:\\a web project\\portfolio-cms-backend\\backend-express\\src\\config\\google-oauth.js","statementMap":{"0":{"start":{"line":9,"column":23},"end":{"line":9,"column":43}},"1":{"start":{"line":11,"column":0},"end":{"line":42,"column":2}},"2":{"start":{"line":19,"column":6},"end":{"line":39,"column":7}},"3":{"start":{"line":20,"column":22},"end":{"line":20,"column":45}},"4":{"start":{"line":21,"column":21},"end":{"line":21,"column":40}},"5":{"start":{"line":24,"column":19},"end":{"line":24,"column":62}},"6":{"start":{"line":26,"column":8},"end":{"line":34,"column":9}},"7":{"start":{"line":28,"column":10},"end":{"line":33,"column":13}},"8":{"start":{"line":36,"column":8},"end":{"line":36,"column":32}},"9":{"start":{"line":38,"column":8},"end":{"line":38,"column":33}},"10":{"start":{"line":44,"column":0},"end":{"line":46,"column":3}},"11":{"start":{"line":45,"column":2},"end":{"line":45,"column":22}},"12":{"start":{"line":48,"column":0},"end":{"line":55,"column":3}},"13":{"start":{"line":49,"column":2},"end":{"line":54,"column":3}},"14":{"start":{"line":50,"column":17},"end":{"line":50,"column":54}},"15":{"start":{"line":51,"column":4},"end":{"line":51,"column":21}},"16":{"start":{"line":53,"column":4},"end":{"line":53,"column":22}}},"fnMap":{"0":{"name":"(anonymous_0)","decl":{"start":{"line":18,"column":4},"end":{"line":18,"column":9}},"loc":{"start":{"line":18,"column":58},"end":{"line":40,"column":5}},"line":18},"1":{"name":"(anonymous_1)","decl":{"start":{"line":44,"column":23},"end":{"line":44,"column":24}},"loc":{"start":{"line":44,"column":39},"end":{"line":46,"column":1}},"line":44},"2":{"name":"(anonymous_2)","decl":{"start":{"line":48,"column":25},"end":{"line":48,"column":30}},"loc":{"start":{"line":48,"column":45},"end":{"line":55,"column":1}},"line":48}},"branchMap":{"0":{"loc":{"start":{"line":26,"column":8},"end":{"line":34,"column":9}},"type":"if","locations":[{"start":{"line":26,"column":8},"end":{"line":34,"column":9}},{"start":{},"end":{}}],"line":26}},"s":{"0":1,"1":1,"2":4,"3":4,"4":4,"5":4,"6":3,"7":1,"8":3,"9":1,"10":1,"11":1,"12":1,"13":2,"14":2,"15":1,"16":1},"f":{"0":4,"1":1,"2":2},"b":{"0":[1,2]},"meta":{"lastBranch":1,"lastFunction":3,"lastStatement":17,"seen":{"s:9:23:9:43":0,"s:11:0:42:2":1,"f:18:4:18:9":0,"s:19:6:39:7":2,"s:20:22:20:45":3,"s:21:21:21:40":4,"s:24:19:24:62":5,"b:26:8:34:9:undefined:undefined:undefined:undefined":0,"s:26:8:34:9":6,"s:28:10:33:13":7,"s:36:8:36:32":8,"s:38:8:38:33":9,"s:44:0:46:3":10,"f:44:23:44:24":1,"s:45:2:45:22":11,"s:48:0:55:3":12,"f:48:25:48:30":2,"s:49:2:54:3":13,"s:50:17:50:54":14,"s:51:4:51:21":15,"s:53:4:53:22":16}}}
,"D:\\a web project\\portfolio-cms-backend\\backend-express\\src\\config\\jwt.js": {"path":"D:\\a web project\\portfolio-cms-backend\\backend-express\\src\\config\\jwt.js","statementMap":{"0":{"start":{"line":7,"column":4},"end":{"line":10,"column":7}},"1":{"start":{"line":14,"column":4},"end":{"line":20,"column":5}},"2":{"start":{"line":15,"column":6},"end":{"line":17,"column":9}},"3":{"start":{"line":19,"column":6},"end":{"line":19,"column":18}},"4":{"start":{"line":24,"column":4},"end":{"line":28,"column":5}},"5":{"start":{"line":25,"column":6},"end":{"line":25,"column":31}},"6":{"start":{"line":27,"column":6},"end":{"line":27,"column":18}}},"fnMap":{"0":{"name":"(anonymous_0)","decl":{"start":{"line":6,"column":9},"end":{"line":6,"column":22}},"loc":{"start":{"line":6,"column":50},"end":{"line":11,"column":3}},"line":6},"1":{"name":"(anonymous_1)","decl":{"start":{"line":13,"column":9},"end":{"line":13,"column":20}},"loc":{"start":{"line":13,"column":28},"end":{"line":21,"column":3}},"line":13},"2":{"name":"(anonymous_2)","decl":{"start":{"line":23,"column":9},"end":{"line":23,"column":20}},"loc":{"start":{"line":23,"column":28},"end":{"line":29,"column":3}},"line":23}},"branchMap":{"0":{"loc":{"start":{"line":6,"column":32},"end":{"line":6,"column":48}},"type":"default-arg","locations":[{"start":{"line":6,"column":44},"end":{"line":6,"column":48}}],"line":6}},"s":{"0":7,"1":4,"2":4,"3":2,"4":3,"5":3,"6":1},"f":{"0":2,"1":2,"2":2},"b":{"0":[7]},"meta":{"lastBranch":1,"lastFunction":3,"lastStatement":7,"seen":{"f:6:9:6:22":0,"b:6:44:6:48":0,"s:7:4:10:7":0,"f:13:9:13:20":1,"s:14:4:20:5":1,"s:15:6:17:9":2,"s:19:6:19:18":3,"f:23:9:23:20":2,"s:24:4:28:5":4,"s:25:6:25:31":5,"s:27:6:27:18":6}}}
,"D:\\a web project\\portfolio-cms-backend\\backend-express\\src\\constants\\http.js": {"path":"D:\\a web project\\portfolio-cms-backend\\backend-express\\src\\constants\\http.js","statementMap":{"0":{"start":{"line":1,"column":27},"end":{"line":12,"column":1}},"1":{"start":{"line":14,"column":30},"end":{"line":70,"column":1}},"2":{"start":{"line":72,"column":32},"end":{"line":113,"column":1}}},"fnMap":{},"branchMap":{},"s":{"0":24,"1":24,"2":24},"f":{},"b":{},"meta":{"lastBranch":0,"lastFunction":0,"lastStatement":3,"seen":{"s:1:27:12:1":0,"s:14:30:70:1":1,"s:72:32:113:1":2}}}
,"D:\\a web project\\portfolio-cms-backend\\backend-express\\src\\middlewares\\apiKey.middleware.js": {"path":"D:\\a web project\\portfolio-cms-backend\\backend-express\\src\\middlewares\\apiKey.middleware.js","statementMap":{"0":{"start":{"line":3,"column":32},"end":{"line":42,"column":1}},"1":{"start":{"line":4,"column":2},"end":{"line":41,"column":3}},"2":{"start":{"line":5,"column":19},"end":{"line":5,"column":43}},"3":{"start":{"line":7,"column":4},"end":{"line":12,"column":5}},"4":{"start":{"line":8,"column":6},"end":{"line":11,"column":9}},"5":{"start":{"line":15,"column":25},"end":{"line":20,"column":6}},"6":{"start":{"line":22,"column":4},"end":{"line":27,"column":5}},"7":{"start":{"line":23,"column":6},"end":{"line":26,"column":9}},"8":{"start":{"line":30,"column":4},"end":{"line":33,"column":6}},"9":{"start":{"line":35,"column":4},"end":{"line":35,"column":11}},"10":{"start":{"line":37,"column":4},"end":{"line":40,"column":7}}},"fnMap":{"0":{"name":"(anonymous_0)","decl":{"start":{"line":3,"column":32},"end":{"line":3,"column":37}},"loc":{"start":{"line":3,"column":58},"end":{"line":42,"column":1}},"line":3}},"branchMap":{"0":{"loc":{"start":{"line":7,"column":4},"end":{"line":12,"column":5}},"type":"if","locations":[{"start":{"line":7,"column":4},"end":{"line":12,"column":5}},{"start":{},"end":{}}],"line":7},"1":{"loc":{"start":{"line":22,"column":4},"end":{"line":27,"column":5}},"type":"if","locations":[{"start":{"line":22,"column":4},"end":{"line":27,"column":5}},{"start":{},"end":{}}],"line":22},"2":{"loc":{"start":{"line":22,"column":8},"end":{"line":22,"column":43}},"type":"binary-expr","locations":[{"start":{"line":22,"column":8},"end":{"line":22,"column":21}},{"start":{"line":22,"column":25},"end":{"line":22,"column":43}}],"line":22}},"s":{"0":1,"1":18,"2":18,"3":18,"4":6,"5":12,"6":9,"7":4,"8":5,"9":5,"10":3},"f":{"0":18},"b":{"0":[6,12],"1":[4,5],"2":[9,7]},"meta":{"lastBranch":3,"lastFunction":1,"lastStatement":11,"seen":{"s:3:32:42:1":0,"f:3:32:3:37":0,"s:4:2:41:3":1,"s:5:19:5:43":2,"b:7:4:12:5:undefined:undefined:undefined:undefined":0,"s:7:4:12:5":3,"s:8:6:11:9":4,"s:15:25:20:6":5,"b:22:4:27:5:undefined:undefined:undefined:undefined":1,"s:22:4:27:5":6,"b:22:8:22:21:22:25:22:43":2,"s:23:6:26:9":7,"s:30:4:33:6":8,"s:35:4:35:11":9,"s:37:4:40:7":10}}}
,"D:\\a web project\\portfolio-cms-backend\\backend-express\\src\\middlewares\\auth.middleware.js": {"path":"D:\\a web project\\portfolio-cms-backend\\backend-express\\src\\middlewares\\auth.middleware.js","statementMap":{"0":{"start":{"line":4,"column":30},"end":{"line":43,"column":1}},"1":{"start":{"line":5,"column":2},"end":{"line":42,"column":3}},"2":{"start":{"line":7,"column":16},"end":{"line":7,"column":40}},"3":{"start":{"line":9,"column":4},"end":{"line":14,"column":5}},"4":{"start":{"line":10,"column":25},"end":{"line":10,"column":50}},"5":{"start":{"line":11,"column":6},"end":{"line":13,"column":7}},"6":{"start":{"line":12,"column":8},"end":{"line":12,"column":40}},"7":{"start":{"line":16,"column":4},"end":{"line":21,"column":5}},"8":{"start":{"line":17,"column":6},"end":{"line":20,"column":9}},"9":{"start":{"line":22,"column":20},"end":{"line":22,"column":46}},"10":{"start":{"line":24,"column":4},"end":{"line":29,"column":5}},"11":{"start":{"line":25,"column":6},"end":{"line":28,"column":9}},"12":{"start":{"line":31,"column":4},"end":{"line":34,"column":6}},"13":{"start":{"line":36,"column":4},"end":{"line":36,"column":11}},"14":{"start":{"line":38,"column":4},"end":{"line":41,"column":7}}},"fnMap":{"0":{"name":"(anonymous_0)","decl":{"start":{"line":4,"column":30},"end":{"line":4,"column":31}},"loc":{"start":{"line":4,"column":50},"end":{"line":43,"column":1}},"line":4}},"branchMap":{"0":{"loc":{"start":{"line":9,"column":4},"end":{"line":14,"column":5}},"type":"if","locations":[{"start":{"line":9,"column":4},"end":{"line":14,"column":5}},{"start":{},"end":{}}],"line":9},"1":{"loc":{"start":{"line":11,"column":6},"end":{"line":13,"column":7}},"type":"if","locations":[{"start":{"line":11,"column":6},"end":{"line":13,"column":7}},{"start":{},"end":{}}],"line":11},"2":{"loc":{"start":{"line":11,"column":10},"end":{"line":11,"column":55}},"type":"binary-expr","locations":[{"start":{"line":11,"column":10},"end":{"line":11,"column":20}},{"start":{"line":11,"column":24},"end":{"line":11,"column":55}}],"line":11},"3":{"loc":{"start":{"line":16,"column":4},"end":{"line":21,"column":5}},"type":"if","locations":[{"start":{"line":16,"column":4},"end":{"line":21,"column":5}},{"start":{},"end":{}}],"line":16},"4":{"loc":{"start":{"line":24,"column":4},"end":{"line":29,"column":5}},"type":"if","locations":[{"start":{"line":24,"column":4},"end":{"line":29,"column":5}},{"start":{},"end":{}}],"line":24},"5":{"loc":{"start":{"line":24,"column":8},"end":{"line":24,"column":45}},"type":"binary-expr","locations":[{"start":{"line":24,"column":8},"end":{"line":24,"column":16}},{"start":{"line":24,"column":20},"end":{"line":24,"column":45}}],"line":24}},"s":{"0":1,"1":28,"2":28,"3":28,"4":28,"5":28,"6":21,"7":28,"8":8,"9":20,"10":20,"11":10,"12":7,"13":7,"14":3},"f":{"0":28},"b":{"0":[28,0],"1":[21,7],"2":[28,23],"3":[8,20],"4":[10,10],"5":[20,10]},"meta":{"lastBranch":6,"lastFunction":1,"lastStatement":15,"seen":{"s:4:30:43:1":0,"f:4:30:4:31":0,"s:5:2:42:3":1,"s:7:16:7:40":2,"b:9:4:14:5:undefined:undefined:undefined:undefined":0,"s:9:4:14:5":3,"s:10:25:10:50":4,"b:11:6:13:7:undefined:undefined:undefined:undefined":1,"s:11:6:13:7":5,"b:11:10:11:20:11:24:11:55":2,"s:12:8:12:40":6,"b:16:4:21:5:undefined:undefined:undefined:undefined":3,"s:16:4:21:5":7,"s:17:6:20:9":8,"s:22:20:22:46":9,"b:24:4:29:5:undefined:undefined:undefined:undefined":4,"s:24:4:29:5":10,"b:24:8:24:16:24:20:24:45":5,"s:25:6:28:9":11,"s:31:4:34:6":12,"s:36:4:36:11":13,"s:38:4:41:7":14}}}
,"D:\\a web project\\portfolio-cms-backend\\backend-express\\src\\middlewares\\error.middleware.js": {"path":"D:\\a web project\\portfolio-cms-backend\\backend-express\\src\\middlewares\\error.middleware.js","statementMap":{"0":{"start":{"line":4,"column":31},"end":{"line":41,"column":null}},"1":{"start":{"line":6,"column":2},"end":{"line":8,"column":null}},"2":{"start":{"line":7,"column":4},"end":{"line":7,"column":null}},"3":{"start":{"line":11,"column":19},"end":{"line":11,"column":null}},"4":{"start":{"line":12,"column":16},"end":{"line":12,"column":null}},"5":{"start":{"line":14,"column":2},"end":{"line":28,"column":null}},"6":{"start":{"line":15,"column":4},"end":{"line":15,"column":null}},"7":{"start":{"line":16,"column":4},"end":{"line":16,"column":null}},"8":{"start":{"line":17,"column":2},"end":{"line":28,"column":null}},"9":{"start":{"line":18,"column":4},"end":{"line":18,"column":null}},"10":{"start":{"line":19,"column":4},"end":{"line":19,"column":null}},"11":{"start":{"line":20,"column":2},"end":{"line":28,"column":null}},"12":{"start":{"line":21,"column":4},"end":{"line":21,"column":null}},"13":{"start":{"line":22,"column":4},"end":{"line":22,"column":null}},"14":{"start":{"line":23,"column":2},"end":{"line":28,"column":null}},"15":{"start":{"line":24,"column":4},"end":{"line":24,"column":null}},"16":{"start":{"line":25,"column":4},"end":{"line":25,"column":null}},"17":{"start":{"line":26,"column":2},"end":{"line":28,"column":null}},"18":{"start":{"line":27,"column":4},"end":{"line":27,"column":null}},"19":{"start":{"line":30,"column":19},"end":{"line":33,"column":null}},"20":{"start":{"line":36,"column":2},"end":{"line":38,"column":null}},"21":{"start":{"line":37,"column":4},"end":{"line":37,"column":null}},"22":{"start":{"line":40,"column":2},"end":{"line":40,"column":null}}},"fnMap":{"0":{"name":"(anonymous_0)","decl":{"start":{"line":4,"column":31},"end":{"line":4,"column":32}},"loc":{"start":{"line":4,"column":56},"end":{"line":41,"column":null}},"line":4}},"branchMap":{"0":{"loc":{"start":{"line":6,"column":2},"end":{"line":8,"column":null}},"type":"if","locations":[{"start":{"line":6,"column":2},"end":{"line":8,"column":null}},{"start":{},"end":{}}],"line":6},"1":{"loc":{"start":{"line":14,"column":2},"end":{"line":28,"column":null}},"type":"if","locations":[{"start":{"line":14,"column":2},"end":{"line":28,"column":null}},{"start":{"line":17,"column":2},"end":{"line":28,"column":null}}],"line":14},"2":{"loc":{"start":{"line":17,"column":2},"end":{"line":28,"column":null}},"type":"if","locations":[{"start":{"line":17,"column":2},"end":{"line":28,"column":null}},{"start":{"line":20,"column":2},"end":{"line":28,"column":null}}],"line":17},"3":{"loc":{"start":{"line":20,"column":2},"end":{"line":28,"column":null}},"type":"if","locations":[{"start":{"line":20,"column":2},"end":{"line":28,"column":null}},{"start":{"line":23,"column":2},"end":{"line":28,"column":null}}],"line":20},"4":{"loc":{"start":{"line":23,"column":2},"end":{"line":28,"column":null}},"type":"if","locations":[{"start":{"line":23,"column":2},"end":{"line":28,"column":null}},{"start":{"line":26,"column":2},"end":{"line":28,"column":null}}],"line":23},"5":{"loc":{"start":{"line":26,"column":2},"end":{"line":28,"column":null}},"type":"if","locations":[{"start":{"line":26,"column":2},"end":{"line":28,"column":null}},{"start":{},"end":{}}],"line":26},"6":{"loc":{"start":{"line":36,"column":2},"end":{"line":38,"column":null}},"type":"if","locations":[{"start":{"line":36,"column":2},"end":{"line":38,"column":null}},{"start":{},"end":{}}],"line":36},"7":{"loc":{"start":{"line":36,"column":6},"end":{"line":36,"column":61}},"type":"binary-expr","locations":[{"start":{"line":36,"column":6},"end":{"line":36,"column":48}},{"start":{"line":36,"column":48},"end":{"line":36,"column":61}}],"line":36}},"s":{"0":1,"1":23,"2":1,"3":22,"4":22,"5":22,"6":11,"7":11,"8":11,"9":1,"10":1,"11":10,"12":1,"13":1,"14":9,"15":1,"16":1,"17":8,"18":5,"19":22,"20":22,"21":1,"22":22},"f":{"0":23},"b":{"0":[1,22],"1":[11,11],"2":[1,10],"3":[1,9],"4":[1,8],"5":[5,3],"6":[1,21],"7":[22,2]},"meta":{"lastBranch":8,"lastFunction":1,"lastStatement":23,"seen":{"s:4:31:41:Infinity":0,"f:4:31:4:32":0,"b:6:2:8:Infinity:undefined:undefined:undefined:undefined":0,"s:6:2:8:Infinity":1,"s:7:4:7:Infinity":2,"s:11:19:11:Infinity":3,"s:12:16:12:Infinity":4,"b:14:2:28:Infinity:17:2:28:Infinity":1,"s:14:2:28:Infinity":5,"s:15:4:15:Infinity":6,"s:16:4:16:Infinity":7,"b:17:2:28:Infinity:20:2:28:Infinity":2,"s:17:2:28:Infinity":8,"s:18:4:18:Infinity":9,"s:19:4:19:Infinity":10,"b:20:2:28:Infinity:23:2:28:Infinity":3,"s:20:2:28:Infinity":11,"s:21:4:21:Infinity":12,"s:22:4:22:Infinity":13,"b:23:2:28:Infinity:26:2:28:Infinity":4,"s:23:2:28:Infinity":14,"s:24:4:24:Infinity":15,"s:25:4:25:Infinity":16,"b:26:2:28:Infinity:undefined:undefined:undefined:undefined":5,"s:26:2:28:Infinity":17,"s:27:4:27:Infinity":18,"s:30:19:33:Infinity":19,"b:36:2:38:Infinity:undefined:undefined:undefined:undefined":6,"s:36:2:38:Infinity":20,"b:36:6:36:48:36:48:36:61":7,"s:37:4:37:Infinity":21,"s:40:2:40:Infinity":22}}}
,"D:\\a web project\\portfolio-cms-backend\\backend-express\\src\\middlewares\\sanitize.middleware.js": {"path":"D:\\a web project\\portfolio-cms-backend\\backend-express\\src\\middlewares\\sanitize.middleware.js","statementMap":{"0":{"start":{"line":9,"column":20},"end":{"line":9,"column":22}},"1":{"start":{"line":11,"column":2},"end":{"line":35,"column":3}},"2":{"start":{"line":12,"column":4},"end":{"line":34,"column":5}},"3":{"start":{"line":13,"column":20},"end":{"line":13,"column":28}},"4":{"start":{"line":15,"column":6},"end":{"line":33,"column":7}},"5":{"start":{"line":17,"column":8},"end":{"line":17,"column":36}},"6":{"start":{"line":18,"column":13},"end":{"line":33,"column":7}},"7":{"start":{"line":20,"column":8},"end":{"line":26,"column":10}},"8":{"start":{"line":21,"column":10},"end":{"line":25,"column":20}},"9":{"start":{"line":27,"column":13},"end":{"line":33,"column":7}},"10":{"start":{"line":29,"column":8},"end":{"line":29,"column":47}},"11":{"start":{"line":32,"column":8},"end":{"line":32,"column":31}},"12":{"start":{"line":37,"column":2},"end":{"line":37,"column":19}},"13":{"start":{"line":43,"column":29},"end":{"line":54,"column":1}},"14":{"start":{"line":44,"column":2},"end":{"line":46,"column":3}},"15":{"start":{"line":45,"column":4},"end":{"line":45,"column":40}},"16":{"start":{"line":47,"column":2},"end":{"line":49,"column":3}},"17":{"start":{"line":48,"column":4},"end":{"line":48,"column":42}},"18":{"start":{"line":50,"column":2},"end":{"line":52,"column":3}},"19":{"start":{"line":51,"column":4},"end":{"line":51,"column":44}},"20":{"start":{"line":53,"column":2},"end":{"line":53,"column":9}}},"fnMap":{"0":{"name":"sanitizeObject","decl":{"start":{"line":8,"column":9},"end":{"line":8,"column":23}},"loc":{"start":{"line":8,"column":29},"end":{"line":38,"column":1}},"line":8},"1":{"name":"(anonymous_1)","decl":{"start":{"line":20,"column":35},"end":{"line":20,"column":36}},"loc":{"start":{"line":21,"column":10},"end":{"line":25,"column":20}},"line":21},"2":{"name":"(anonymous_2)","decl":{"start":{"line":43,"column":29},"end":{"line":43,"column":30}},"loc":{"start":{"line":43,"column":49},"end":{"line":54,"column":1}},"line":43}},"branchMap":{"0":{"loc":{"start":{"line":12,"column":4},"end":{"line":34,"column":5}},"type":"if","locations":[{"start":{"line":12,"column":4},"end":{"line":34,"column":5}},{"start":{},"end":{}}],"line":12},"1":{"loc":{"start":{"line":15,"column":6},"end":{"line":33,"column":7}},"type":"if","locations":[{"start":{"line":15,"column":6},"end":{"line":33,"column":7}},{"start":{"line":18,"column":13},"end":{"line":33,"column":7}}],"line":15},"2":{"loc":{"start":{"line":18,"column":13},"end":{"line":33,"column":7}},"type":"if","locations":[{"start":{"line":18,"column":13},"end":{"line":33,"column":7}},{"start":{"line":27,"column":13},"end":{"line":33,"column":7}}],"line":18},"3":{"loc":{"start":{"line":21,"column":10},"end":{"line":25,"column":20}},"type":"cond-expr","locations":[{"start":{"line":22,"column":13},"end":{"line":22,"column":23}},{"start":{"line":23,"column":14},"end":{"line":25,"column":20}}],"line":21},"4":{"loc":{"start":{"line":23,"column":14},"end":{"line":25,"column":20}},"type":"cond-expr","locations":[{"start":{"line":24,"column":16},"end":{"line":24,"column":36}},{"start":{"line":25,"column":16},"end":{"line":25,"column":20}}],"line":23},"5":{"loc":{"start":{"line":27,"column":13},"end":{"line":33,"column":7}},"type":"if","locations":[{"start":{"line":27,"column":13},"end":{"line":33,"column":7}},{"start":{"line":30,"column":13},"end":{"line":33,"column":7}}],"line":27},"6":{"loc":{"start":{"line":27,"column":17},"end":{"line":27,"column":60}},"type":"binary-expr","locations":[{"start":{"line":27,"column":17},"end":{"line":27,"column":42}},{"start":{"line":27,"column":46},"end":{"line":27,"column":60}}],"line":27},"7":{"loc":{"start":{"line":44,"column":2},"end":{"line":46,"column":3}},"type":"if","locations":[{"start":{"line":44,"column":2},"end":{"line":46,"column":3}},{"start":{},"end":{}}],"line":44},"8":{"loc":{"start":{"line":47,"column":2},"end":{"line":49,"column":3}},"type":"if","locations":[{"start":{"line":47,"column":2},"end":{"line":49,"column":3}},{"start":{},"end":{}}],"line":47},"9":{"loc":{"start":{"line":50,"column":2},"end":{"line":52,"column":3}},"type":"if","locations":[{"start":{"line":50,"column":2},"end":{"line":52,"column":3}},{"start":{},"end":{}}],"line":50}},"s":{"0":58,"1":58,"2":40,"3":40,"4":40,"5":18,"6":22,"7":10,"8":18,"9":12,"10":6,"11":6,"12":58,"13":1,"14":17,"15":16,"16":17,"17":16,"18":17,"19":16,"20":17},"f":{"0":58,"1":18,"2":17},"b":{"0":[40,0],"1":[18,22],"2":[10,12],"3":[7,11],"4":[4,7],"5":[6,6],"6":[12,9],"7":[16,1],"8":[16,1],"9":[16,1]},"meta":{"lastBranch":10,"lastFunction":3,"lastStatement":21,"seen":{"f:8:9:8:23":0,"s:9:20:9:22":0,"s:11:2:35:3":1,"b:12:4:34:5:undefined:undefined:undefined:undefined":0,"s:12:4:34:5":2,"s:13:20:13:28":3,"b:15:6:33:7:18:13:33:7":1,"s:15:6:33:7":4,"s:17:8:17:36":5,"b:18:13:33:7:27:13:33:7":2,"s:18:13:33:7":6,"s:20:8:26:10":7,"f:20:35:20:36":1,"s:21:10:25:20":8,"b:22:13:22:23:23:14:25:20":3,"b:24:16:24:36:25:16:25:20":4,"b:27:13:33:7:30:13:33:7":5,"s:27:13:33:7":9,"b:27:17:27:42:27:46:27:60":6,"s:29:8:29:47":10,"s:32:8:32:31":11,"s:37:2:37:19":12,"s:43:29:54:1":13,"f:43:29:43:30":2,"b:44:2:46:3:undefined:undefined:undefined:undefined":7,"s:44:2:46:3":14,"s:45:4:45:40":15,"b:47:2:49:3:undefined:undefined:undefined:undefined":8,"s:47:2:49:3":16,"s:48:4:48:42":17,"b:50:2:52:3:undefined:undefined:undefined:undefined":9,"s:50:2:52:3":18,"s:51:4:51:44":19,"s:53:2:53:9":20}}}
,"D:\\a web project\\portfolio-cms-backend\\backend-express\\src\\middlewares\\validation.middleware.js": {"path":"D:\\a web project\\portfolio-cms-backend\\backend-express\\src\\middlewares\\validation.middleware.js","statementMap":{"0":{"start":{"line":9,"column":31},"end":{"line":54,"column":1}},"1":{"start":{"line":10,"column":2},"end":{"line":53,"column":4}},"2":{"start":{"line":12,"column":25},"end":{"line":12,"column":69}},"3":{"start":{"line":15,"column":27},"end":{"line":15,"column":29}},"4":{"start":{"line":16,"column":4},"end":{"line":20,"column":7}},"5":{"start":{"line":17,"column":6},"end":{"line":19,"column":7}},"6":{"start":{"line":18,"column":8},"end":{"line":18,"column":51}},"7":{"start":{"line":22,"column":29},"end":{"line":25,"column":6}},"8":{"start":{"line":27,"column":4},"end":{"line":34,"column":5}},"9":{"start":{"line":28,"column":23},"end":{"line":28,"column":68}},"10":{"start":{"line":28,"column":53},"end":{"line":28,"column":67}},"11":{"start":{"line":29,"column":6},"end":{"line":33,"column":9}},"12":{"start":{"line":37,"column":4},"end":{"line":50,"column":7}},"13":{"start":{"line":38,"column":25},"end":{"line":38,"column":55}},"14":{"start":{"line":39,"column":34},"end":{"line":39,"column":36}},"15":{"start":{"line":41,"column":6},"end":{"line":45,"column":9}},"16":{"start":{"line":42,"column":8},"end":{"line":44,"column":9}},"17":{"start":{"line":43,"column":10},"end":{"line":43,"column":48}},"18":{"start":{"line":47,"column":6},"end":{"line":49,"column":7}},"19":{"start":{"line":48,"column":8},"end":{"line":48,"column":42}},"20":{"start":{"line":52,"column":4},"end":{"line":52,"column":11}},"21":{"start":{"line":61,"column":30},"end":{"line":81,"column":1}},"22":{"start":{"line":62,"column":2},"end":{"line":80,"column":4}},"23":{"start":{"line":63,"column":29},"end":{"line":66,"column":6}},"24":{"start":{"line":68,"column":4},"end":{"line":75,"column":5}},"25":{"start":{"line":69,"column":23},"end":{"line":69,"column":68}},"26":{"start":{"line":69,"column":53},"end":{"line":69,"column":67}},"27":{"start":{"line":70,"column":6},"end":{"line":74,"column":9}},"28":{"start":{"line":78,"column":4},"end":{"line":78,"column":23}},"29":{"start":{"line":79,"column":4},"end":{"line":79,"column":11}}},"fnMap":{"0":{"name":"(anonymous_0)","decl":{"start":{"line":9,"column":31},"end":{"line":9,"column":32}},"loc":{"start":{"line":9,"column":61},"end":{"line":54,"column":1}},"line":9},"1":{"name":"(anonymous_1)","decl":{"start":{"line":10,"column":9},"end":{"line":10,"column":10}},"loc":{"start":{"line":10,"column":29},"end":{"line":53,"column":3}},"line":10},"2":{"name":"(anonymous_2)","decl":{"start":{"line":16,"column":25},"end":{"line":16,"column":26}},"loc":{"start":{"line":16,"column":37},"end":{"line":20,"column":5}},"line":16},"3":{"name":"(anonymous_3)","decl":{"start":{"line":28,"column":41},"end":{"line":28,"column":42}},"loc":{"start":{"line":28,"column":53},"end":{"line":28,"column":67}},"line":28},"4":{"name":"(anonymous_4)","decl":{"start":{"line":37,"column":25},"end":{"line":37,"column":26}},"loc":{"start":{"line":37,"column":37},"end":{"line":50,"column":5}},"line":37},"5":{"name":"(anonymous_5)","decl":{"start":{"line":41,"column":25},"end":{"line":41,"column":26}},"loc":{"start":{"line":41,"column":34},"end":{"line":45,"column":7}},"line":41},"6":{"name":"(anonymous_6)","decl":{"start":{"line":61,"column":30},"end":{"line":61,"column":31}},"loc":{"start":{"line":61,"column":42},"end":{"line":81,"column":1}},"line":61},"7":{"name":"(anonymous_7)","decl":{"start":{"line":62,"column":9},"end":{"line":62,"column":10}},"loc":{"start":{"line":62,"column":29},"end":{"line":80,"column":3}},"line":62},"8":{"name":"(anonymous_8)","decl":{"start":{"line":69,"column":41},"end":{"line":69,"column":42}},"loc":{"start":{"line":69,"column":53},"end":{"line":69,"column":67}},"line":69}},"branchMap":{"0":{"loc":{"start":{"line":9,"column":40},"end":{"line":9,"column":56}},"type":"default-arg","locations":[{"start":{"line":9,"column":50},"end":{"line":9,"column":56}}],"line":9},"1":{"loc":{"start":{"line":12,"column":25},"end":{"line":12,"column":69}},"type":"cond-expr","locations":[{"start":{"line":12,"column":50},"end":{"line":12,"column":57}},{"start":{"line":12,"column":60},"end":{"line":12,"column":69}}],"line":12},"2":{"loc":{"start":{"line":17,"column":6},"end":{"line":19,"column":7}},"type":"if","locations":[{"start":{"line":17,"column":6},"end":{"line":19,"column":7}},{"start":{},"end":{}}],"line":17},"3":{"loc":{"start":{"line":27,"column":4},"end":{"line":34,"column":5}},"type":"if","locations":[{"start":{"line":27,"column":4},"end":{"line":34,"column":5}},{"start":{},"end":{}}],"line":27},"4":{"loc":{"start":{"line":38,"column":37},"end":{"line":38,"column":54}},"type":"binary-expr","locations":[{"start":{"line":38,"column":37},"end":{"line":38,"column":48}},{"start":{"line":38,"column":52},"end":{"line":38,"column":54}}],"line":38},"5":{"loc":{"start":{"line":42,"column":8},"end":{"line":44,"column":9}},"type":"if","locations":[{"start":{"line":42,"column":8},"end":{"line":44,"column":9}},{"start":{},"end":{}}],"line":42},"6":{"loc":{"start":{"line":47,"column":6},"end":{"line":49,"column":7}},"type":"if","locations":[{"start":{"line":47,"column":6},"end":{"line":49,"column":7}},{"start":{},"end":{}}],"line":47},"7":{"loc":{"start":{"line":68,"column":4},"end":{"line":75,"column":5}},"type":"if","locations":[{"start":{"line":68,"column":4},"end":{"line":75,"column":5}},{"start":{},"end":{}}],"line":68}},"s":{"0":1,"1":15,"2":15,"3":15,"4":15,"5":15,"6":15,"7":15,"8":15,"9":10,"10":12,"11":10,"12":5,"13":5,"14":5,"15":5,"16":9,"17":7,"18":5,"19":5,"20":5,"21":1,"22":0,"23":0,"24":0,"25":0,"26":0,"27":0,"28":0,"29":0},"f":{"0":15,"1":15,"2":15,"3":12,"4":5,"5":9,"6":0,"7":0,"8":0},"b":{"0":[15],"1":[0,15],"2":[15,0],"3":[10,5],"4":[5,0],"5":[7,2],"6":[5,0],"7":[0,0]},"meta":{"lastBranch":8,"lastFunction":9,"lastStatement":30,"seen":{"s:9:31:54:1":0,"f:9:31:9:32":0,"b:9:50:9:56":0,"s:10:2:53:4":1,"f:10:9:10:10":1,"s:12:25:12:69":2,"b:12:50:12:57:12:60:12:69":1,"s:15:27:15:29":3,"s:16:4:20:7":4,"f:16:25:16:26":2,"b:17:6:19:7:undefined:undefined:undefined:undefined":2,"s:17:6:19:7":5,"s:18:8:18:51":6,"s:22:29:25:6":7,"b:27:4:34:5:undefined:undefined:undefined:undefined":3,"s:27:4:34:5":8,"s:28:23:28:68":9,"f:28:41:28:42":3,"s:28:53:28:67":10,"s:29:6:33:9":11,"s:37:4:50:7":12,"f:37:25:37:26":4,"s:38:25:38:55":13,"b:38:37:38:48:38:52:38:54":4,"s:39:34:39:36":14,"s:41:6:45:9":15,"f:41:25:41:26":5,"b:42:8:44:9:undefined:undefined:undefined:undefined":5,"s:42:8:44:9":16,"s:43:10:43:48":17,"b:47:6:49:7:undefined:undefined:undefined:undefined":6,"s:47:6:49:7":18,"s:48:8:48:42":19,"s:52:4:52:11":20,"s:61:30:81:1":21,"f:61:30:61:31":6,"s:62:2:80:4":22,"f:62:9:62:10":7,"s:63:29:66:6":23,"b:68:4:75:5:undefined:undefined:undefined:undefined":7,"s:68:4:75:5":24,"s:69:23:69:68":25,"f:69:41:69:42":8,"s:69:53:69:67":26,"s:70:6:74:9":27,"s:78:4:78:23":28,"s:79:4:79:11":29}}}
,"D:\\a web project\\portfolio-cms-backend\\backend-express\\src\\modules\\apikey\\apikey.controller.js": {"path":"D:\\a web project\\portfolio-cms-backend\\backend-express\\src\\modules\\apikey\\apikey.controller.js","statementMap":{"0":{"start":{"line":7,"column":4},"end":{"line":7,"column":39}},"1":{"start":{"line":11,"column":4},"end":{"line":27,"column":5}},"2":{"start":{"line":12,"column":21},"end":{"line":12,"column":32}},"3":{"start":{"line":14,"column":21},"end":{"line":14,"column":62}},"4":{"start":{"line":16,"column":6},"end":{"line":24,"column":9}},"5":{"start":{"line":26,"column":6},"end":{"line":26,"column":18}},"6":{"start":{"line":31,"column":4},"end":{"line":43,"column":5}},"7":{"start":{"line":32,"column":21},"end":{"line":32,"column":32}},"8":{"start":{"line":34,"column":21},"end":{"line":34,"column":58}},"9":{"start":{"line":36,"column":6},"end":{"line":40,"column":9}},"10":{"start":{"line":42,"column":6},"end":{"line":42,"column":18}},"11":{"start":{"line":47,"column":4},"end":{"line":62,"column":5}},"12":{"start":{"line":48,"column":21},"end":{"line":48,"column":32}},"13":{"start":{"line":49,"column":27},"end":{"line":49,"column":37}},"14":{"start":{"line":51,"column":21},"end":{"line":51,"column":70}},"15":{"start":{"line":53,"column":6},"end":{"line":59,"column":9}},"16":{"start":{"line":61,"column":6},"end":{"line":61,"column":18}}},"fnMap":{"0":{"name":"(anonymous_0)","decl":{"start":{"line":6,"column":2},"end":{"line":6,"column":13}},"loc":{"start":{"line":6,"column":16},"end":{"line":8,"column":3}},"line":6},"1":{"name":"(anonymous_1)","decl":{"start":{"line":10,"column":8},"end":{"line":10,"column":22}},"loc":{"start":{"line":10,"column":39},"end":{"line":28,"column":3}},"line":10},"2":{"name":"(anonymous_2)","decl":{"start":{"line":30,"column":8},"end":{"line":30,"column":18}},"loc":{"start":{"line":30,"column":35},"end":{"line":44,"column":3}},"line":30},"3":{"name":"(anonymous_3)","decl":{"start":{"line":46,"column":8},"end":{"line":46,"column":20}},"loc":{"start":{"line":46,"column":37},"end":{"line":63,"column":3}},"line":46}},"branchMap":{},"s":{"0":7,"1":2,"2":2,"3":2,"4":1,"5":1,"6":2,"7":2,"8":2,"9":1,"10":1,"11":3,"12":3,"13":3,"14":3,"15":2,"16":1},"f":{"0":7,"1":2,"2":2,"3":3},"b":{},"meta":{"lastBranch":0,"lastFunction":4,"lastStatement":17,"seen":{"f:6:2:6:13":0,"s:7:4:7:39":0,"f:10:8:10:22":1,"s:11:4:27:5":1,"s:12:21:12:32":2,"s:14:21:14:62":3,"s:16:6:24:9":4,"s:26:6:26:18":5,"f:30:8:30:18":2,"s:31:4:43:5":6,"s:32:21:32:32":7,"s:34:21:34:58":8,"s:36:6:40:9":9,"s:42:6:42:18":10,"f:46:8:46:20":3,"s:47:4:62:5":11,"s:48:21:48:32":12,"s:49:27:49:37":13,"s:51:21:51:70":14,"s:53:6:59:9":15,"s:61:6:61:18":16}}}
,"D:\\a web project\\portfolio-cms-backend\\backend-express\\src\\modules\\apikey\\apikey.repository.js": {"path":"D:\\a web project\\portfolio-cms-backend\\backend-express\\src\\modules\\apikey\\apikey.repository.js","statementMap":{"0":{"start":{"line":5,"column":4},"end":{"line":8,"column":7}},"1":{"start":{"line":12,"column":4},"end":{"line":14,"column":7}},"2":{"start":{"line":18,"column":4},"end":{"line":20,"column":7}},"3":{"start":{"line":24,"column":4},"end":{"line":26,"column":7}},"4":{"start":{"line":30,"column":4},"end":{"line":32,"column":7}},"5":{"start":{"line":36,"column":4},"end":{"line":38,"column":7}},"6":{"start":{"line":42,"column":4},"end":{"line":45,"column":7}}},"fnMap":{"0":{"name":"(anonymous_0)","decl":{"start":{"line":4,"column":8},"end":{"line":4,"column":27}},"loc":{"start":{"line":4,"column":36},"end":{"line":9,"column":3}},"line":4},"1":{"name":"(anonymous_1)","decl":{"start":{"line":11,"column":8},"end":{"line":11,"column":22}},"loc":{"start":{"line":11,"column":27},"end":{"line":15,"column":3}},"line":11},"2":{"name":"(anonymous_2)","decl":{"start":{"line":17,"column":8},"end":{"line":17,"column":23}},"loc":{"start":{"line":17,"column":32},"end":{"line":21,"column":3}},"line":17},"3":{"name":"(anonymous_3)","decl":{"start":{"line":23,"column":8},"end":{"line":23,"column":20}},"loc":{"start":{"line":23,"column":27},"end":{"line":27,"column":3}},"line":23},"4":{"name":"(anonymous_4)","decl":{"start":{"line":29,"column":8},"end":{"line":29,"column":20}},"loc":{"start":{"line":29,"column":25},"end":{"line":33,"column":3}},"line":29},"5":{"name":"(anonymous_5)","decl":{"start":{"line":35,"column":8},"end":{"line":35,"column":25}},"loc":{"start":{"line":35,"column":34},"end":{"line":39,"column":3}},"line":35},"6":{"name":"(anonymous_6)","decl":{"start":{"line":41,"column":8},"end":{"line":41,"column":20}},"loc":{"start":{"line":41,"column":31},"end":{"line":46,"column":3}},"line":41}},"branchMap":{},"s":{"0":2,"1":2,"2":2,"3":1,"4":1,"5":1,"6":1},"f":{"0":2,"1":2,"2":2,"3":1,"4":1,"5":1,"6":1},"b":{},"meta":{"lastBranch":0,"lastFunction":7,"lastStatement":7,"seen":{"f:4:8:4:27":0,"s:5:4:8:7":0,"f:11:8:11:22":1,"s:12:4:14:7":1,"f:17:8:17:23":2,"s:18:4:20:7":2,"f:23:8:23:20":3,"s:24:4:26:7":3,"f:29:8:29:20":4,"s:30:4:32:7":4,"f:35:8:35:25":5,"s:36:4:38:7":5,"f:41:8:41:20":6,"s:42:4:45:7":6}}}
,"D:\\a web project\\portfolio-cms-backend\\backend-express\\src\\modules\\apikey\\apikey.service.js": {"path":"D:\\a web project\\portfolio-cms-backend\\backend-express\\src\\modules\\apikey\\apikey.service.js","statementMap":{"0":{"start":{"line":11,"column":4},"end":{"line":11,"column":45}},"1":{"start":{"line":12,"column":4},"end":{"line":12,"column":47}},"2":{"start":{"line":17,"column":6},"end":{"line":17,"column":70}},"3":{"start":{"line":18,"column":17},"end":{"line":18,"column":22}},"4":{"start":{"line":19,"column":4},"end":{"line":21,"column":5}},"5":{"start":{"line":19,"column":17},"end":{"line":19,"column":18}},"6":{"start":{"line":20,"column":6},"end":{"line":20,"column":71}},"7":{"start":{"line":22,"column":4},"end":{"line":22,"column":18}},"8":{"start":{"line":27,"column":17},"end":{"line":27,"column":63}},"9":{"start":{"line":28,"column":4},"end":{"line":30,"column":5}},"10":{"start":{"line":29,"column":6},"end":{"line":29,"column":61}},"11":{"start":{"line":33,"column":19},"end":{"line":33,"column":47}},"12":{"start":{"line":36,"column":22},"end":{"line":40,"column":6}},"13":{"start":{"line":42,"column":4},"end":{"line":47,"column":6}},"14":{"start":{"line":52,"column":17},"end":{"line":52,"column":63}},"15":{"start":{"line":53,"column":4},"end":{"line":55,"column":5}},"16":{"start":{"line":54,"column":6},"end":{"line":54,"column":61}},"17":{"start":{"line":57,"column":20},"end":{"line":57,"column":69}},"18":{"start":{"line":59,"column":4},"end":{"line":68,"column":6}},"19":{"start":{"line":61,"column":37},"end":{"line":66,"column":7}},"20":{"start":{"line":73,"column":17},"end":{"line":73,"column":63}},"21":{"start":{"line":74,"column":4},"end":{"line":76,"column":5}},"22":{"start":{"line":75,"column":6},"end":{"line":75,"column":61}},"23":{"start":{"line":79,"column":19},"end":{"line":79,"column":65}},"24":{"start":{"line":80,"column":4},"end":{"line":82,"column":5}},"25":{"start":{"line":81,"column":6},"end":{"line":81,"column":64}},"26":{"start":{"line":85,"column":4},"end":{"line":87,"column":5}},"27":{"start":{"line":86,"column":6},"end":{"line":86,"column":64}},"28":{"start":{"line":90,"column":23},"end":{"line":90,"column":67}},"29":{"start":{"line":92,"column":4},"end":{"line":95,"column":6}},"30":{"start":{"line":99,"column":16},"end":{"line":99,"column":61}},"31":{"start":{"line":100,"column":4},"end":{"line":102,"column":5}},"32":{"start":{"line":101,"column":6},"end":{"line":101,"column":18}},"33":{"start":{"line":104,"column":4},"end":{"line":108,"column":6}},"34":{"start":{"line":113,"column":4},"end":{"line":115,"column":5}},"35":{"start":{"line":114,"column":6},"end":{"line":114,"column":20}},"36":{"start":{"line":116,"column":4},"end":{"line":120,"column":6}}},"fnMap":{"0":{"name":"(anonymous_0)","decl":{"start":{"line":10,"column":2},"end":{"line":10,"column":13}},"loc":{"start":{"line":10,"column":16},"end":{"line":13,"column":3}},"line":10},"1":{"name":"(anonymous_1)","decl":{"start":{"line":15,"column":2},"end":{"line":15,"column":23}},"loc":{"start":{"line":15,"column":26},"end":{"line":23,"column":3}},"line":15},"2":{"name":"(anonymous_2)","decl":{"start":{"line":25,"column":8},"end":{"line":25,"column":22}},"loc":{"start":{"line":25,"column":31},"end":{"line":48,"column":3}},"line":25},"3":{"name":"(anonymous_3)","decl":{"start":{"line":50,"column":8},"end":{"line":50,"column":18}},"loc":{"start":{"line":50,"column":27},"end":{"line":69,"column":3}},"line":50},"4":{"name":"(anonymous_4)","decl":{"start":{"line":61,"column":27},"end":{"line":61,"column":28}},"loc":{"start":{"line":61,"column":37},"end":{"line":66,"column":7}},"line":61},"5":{"name":"(anonymous_5)","decl":{"start":{"line":71,"column":8},"end":{"line":71,"column":20}},"loc":{"start":{"line":71,"column":39},"end":{"line":96,"column":3}},"line":71},"6":{"name":"(anonymous_6)","decl":{"start":{"line":98,"column":8},"end":{"line":98,"column":20}},"loc":{"start":{"line":98,"column":29},"end":{"line":109,"column":3}},"line":98},"7":{"name":"(anonymous_7)","decl":{"start":{"line":111,"column":2},"end":{"line":111,"column":13}},"loc":{"start":{"line":111,"column":22},"end":{"line":121,"column":3}},"line":111}},"branchMap":{"0":{"loc":{"start":{"line":28,"column":4},"end":{"line":30,"column":5}},"type":"if","locations":[{"start":{"line":28,"column":4},"end":{"line":30,"column":5}},{"start":{},"end":{}}],"line":28},"1":{"loc":{"start":{"line":53,"column":4},"end":{"line":55,"column":5}},"type":"if","locations":[{"start":{"line":53,"column":4},"end":{"line":55,"column":5}},{"start":{},"end":{}}],"line":53},"2":{"loc":{"start":{"line":74,"column":4},"end":{"line":76,"column":5}},"type":"if","locations":[{"start":{"line":74,"column":4},"end":{"line":76,"column":5}},{"start":{},"end":{}}],"line":74},"3":{"loc":{"start":{"line":80,"column":4},"end":{"line":82,"column":5}},"type":"if","locations":[{"start":{"line":80,"column":4},"end":{"line":82,"column":5}},{"start":{},"end":{}}],"line":80},"4":{"loc":{"start":{"line":85,"column":4},"end":{"line":87,"column":5}},"type":"if","locations":[{"start":{"line":85,"column":4},"end":{"line":87,"column":5}},{"start":{},"end":{}}],"line":85},"5":{"loc":{"start":{"line":100,"column":4},"end":{"line":102,"column":5}},"type":"if","locations":[{"start":{"line":100,"column":4},"end":{"line":102,"column":5}},{"start":{},"end":{}}],"line":100},"6":{"loc":{"start":{"line":113,"column":4},"end":{"line":115,"column":5}},"type":"if","locations":[{"start":{"line":113,"column":4},"end":{"line":115,"column":5}},{"start":{},"end":{}}],"line":113}},"s":{"0":22,"1":22,"2":2,"3":2,"4":2,"5":2,"6":64,"7":2,"8":2,"9":2,"10":1,"11":1,"12":1,"13":1,"14":3,"15":3,"16":1,"17":2,"18":2,"19":2,"20":4,"21":4,"22":1,"23":3,"24":3,"25":1,"26":2,"27":1,"28":1,"29":1,"30":2,"31":2,"32":1,"33":1,"34":5,"35":1,"36":4},"f":{"0":22,"1":2,"2":2,"3":3,"4":2,"5":4,"6":2,"7":5},"b":{"0":[1,1],"1":[1,2],"2":[1,3],"3":[1,2],"4":[1,1],"5":[1,1],"6":[1,4]},"meta":{"lastBranch":7,"lastFunction":8,"lastStatement":37,"seen":{"f:10:2:10:13":0,"s:11:4:11:45":0,"s:12:4:12:47":1,"f:15:2:15:23":1,"s:17:6:17:70":2,"s:18:17:18:22":3,"s:19:4:21:5":4,"s:19:17:19:18":5,"s:20:6:20:71":6,"s:22:4:22:18":7,"f:25:8:25:22":2,"s:27:17:27:63":8,"b:28:4:30:5:undefined:undefined:undefined:undefined":0,"s:28:4:30:5":9,"s:29:6:29:61":10,"s:33:19:33:47":11,"s:36:22:40:6":12,"s:42:4:47:6":13,"f:50:8:50:18":3,"s:52:17:52:63":14,"b:53:4:55:5:undefined:undefined:undefined:undefined":1,"s:53:4:55:5":15,"s:54:6:54:61":16,"s:57:20:57:69":17,"s:59:4:68:6":18,"f:61:27:61:28":4,"s:61:37:66:7":19,"f:71:8:71:20":5,"s:73:17:73:63":20,"b:74:4:76:5:undefined:undefined:undefined:undefined":2,"s:74:4:76:5":21,"s:75:6:75:61":22,"s:79:19:79:65":23,"b:80:4:82:5:undefined:undefined:undefined:undefined":3,"s:80:4:82:5":24,"s:81:6:81:64":25,"b:85:4:87:5:undefined:undefined:undefined:undefined":4,"s:85:4:87:5":26,"s:86:6:86:64":27,"s:90:23:90:67":28,"s:92:4:95:6":29,"f:98:8:98:20":6,"s:99:16:99:61":30,"b:100:4:102:5:undefined:undefined:undefined:undefined":5,"s:100:4:102:5":31,"s:101:6:101:18":32,"s:104:4:108:6":33,"f:111:2:111:13":7,"b:113:4:115:5:undefined:undefined:undefined:undefined":6,"s:113:4:115:5":34,"s:114:6:114:20":35,"s:116:4:120:6":36}}}
,"D:\\a web project\\portfolio-cms-backend\\backend-express\\src\\modules\\apikey\\apikey.validation.js": {"path":"D:\\a web project\\portfolio-cms-backend\\backend-express\\src\\modules\\apikey\\apikey.validation.js","statementMap":{"0":{"start":{"line":5,"column":39},"end":{"line":14,"column":1}}},"fnMap":{},"branchMap":{},"s":{"0":1},"f":{},"b":{},"meta":{"lastBranch":0,"lastFunction":0,"lastStatement":1,"seen":{"s:5:39:14:1":0}}}
,"D:\\a web project\\portfolio-cms-backend\\backend-express\\src\\modules\\auth\\auth.controller.js": {"path":"D:\\a web project\\portfolio-cms-backend\\backend-express\\src\\modules\\auth\\auth.controller.js","statementMap":{"0":{"start":{"line":12,"column":25},"end":{"line":18,"column":2}},"1":{"start":{"line":12,"column":38},"end":{"line":18,"column":1}},"2":{"start":{"line":22,"column":4},"end":{"line":22,"column":37}},"3":{"start":{"line":27,"column":4},"end":{"line":30,"column":6}},"4":{"start":{"line":34,"column":4},"end":{"line":65,"column":5}},"5":{"start":{"line":35,"column":40},"end":{"line":35,"column":48}},"6":{"start":{"line":37,"column":21},"end":{"line":42,"column":7}},"7":{"start":{"line":45,"column":6},"end":{"line":49,"column":8}},"8":{"start":{"line":50,"column":6},"end":{"line":54,"column":8}},"9":{"start":{"line":56,"column":6},"end":{"line":62,"column":9}},"10":{"start":{"line":64,"column":6},"end":{"line":64,"column":18}},"11":{"start":{"line":69,"column":4},"end":{"line":99,"column":5}},"12":{"start":{"line":70,"column":34},"end":{"line":70,"column":42}},"13":{"start":{"line":72,"column":21},"end":{"line":76,"column":7}},"14":{"start":{"line":79,"column":6},"end":{"line":83,"column":8}},"15":{"start":{"line":84,"column":6},"end":{"line":88,"column":8}},"16":{"start":{"line":90,"column":6},"end":{"line":96,"column":9}},"17":{"start":{"line":98,"column":6},"end":{"line":98,"column":18}},"18":{"start":{"line":103,"column":4},"end":{"line":150,"column":5}},"19":{"start":{"line":104,"column":19},"end":{"line":104,"column":27}},"20":{"start":{"line":106,"column":6},"end":{"line":111,"column":7}},"21":{"start":{"line":107,"column":8},"end":{"line":110,"column":11}},"22":{"start":{"line":114,"column":26},"end":{"line":114,"column":74}},"23":{"start":{"line":115,"column":27},"end":{"line":115,"column":76}},"24":{"start":{"line":118,"column":6},"end":{"line":122,"column":8}},"25":{"start":{"line":125,"column":6},"end":{"line":125,"column":79}},"26":{"start":{"line":126,"column":6},"end":{"line":130,"column":8}},"27":{"start":{"line":133,"column":23},"end":{"line":140,"column":26}},"28":{"start":{"line":143,"column":26},"end":{"line":143,"column":65}},"29":{"start":{"line":144,"column":6},"end":{"line":144,"column":56}},"30":{"start":{"line":145,"column":6},"end":{"line":145,"column":58}},"31":{"start":{"line":147,"column":6},"end":{"line":147,"column":50}},"32":{"start":{"line":149,"column":6},"end":{"line":149,"column":18}},"33":{"start":{"line":154,"column":4},"end":{"line":182,"column":5}},"34":{"start":{"line":157,"column":8},"end":{"line":157,"column":58}},"35":{"start":{"line":159,"column":21},"end":{"line":162,"column":7}},"36":{"start":{"line":165,"column":6},"end":{"line":169,"column":8}},"37":{"start":{"line":170,"column":6},"end":{"line":174,"column":8}},"38":{"start":{"line":176,"column":6},"end":{"line":179,"column":9}},"39":{"start":{"line":181,"column":6},"end":{"line":181,"column":18}},"40":{"start":{"line":186,"column":4},"end":{"line":205,"column":5}},"41":{"start":{"line":188,"column":27},"end":{"line":188,"column":52}},"42":{"start":{"line":191,"column":6},"end":{"line":193,"column":7}},"43":{"start":{"line":192,"column":8},"end":{"line":192,"column":48}},"44":{"start":{"line":196,"column":6},"end":{"line":196,"column":52}},"45":{"start":{"line":197,"column":6},"end":{"line":197,"column":53}},"46":{"start":{"line":199,"column":6},"end":{"line":202,"column":9}},"47":{"start":{"line":204,"column":6},"end":{"line":204,"column":18}},"48":{"start":{"line":209,"column":4},"end":{"line":221,"column":5}},"49":{"start":{"line":210,"column":21},"end":{"line":210,"column":32}},"50":{"start":{"line":212,"column":22},"end":{"line":212,"column":59}},"51":{"start":{"line":214,"column":6},"end":{"line":218,"column":9}},"52":{"start":{"line":220,"column":6},"end":{"line":220,"column":18}},"53":{"start":{"line":225,"column":4},"end":{"line":240,"column":5}},"54":{"start":{"line":226,"column":21},"end":{"line":226,"column":32}},"55":{"start":{"line":228,"column":6},"end":{"line":228,"column":50}},"56":{"start":{"line":231,"column":6},"end":{"line":231,"column":52}},"57":{"start":{"line":232,"column":6},"end":{"line":232,"column":53}},"58":{"start":{"line":234,"column":6},"end":{"line":237,"column":9}},"59":{"start":{"line":239,"column":6},"end":{"line":239,"column":18}},"60":{"start":{"line":244,"column":4},"end":{"line":256,"column":5}},"61":{"start":{"line":245,"column":21},"end":{"line":245,"column":32}},"62":{"start":{"line":247,"column":23},"end":{"line":247,"column":67}},"63":{"start":{"line":249,"column":6},"end":{"line":253,"column":9}},"64":{"start":{"line":255,"column":6},"end":{"line":255,"column":18}}},"fnMap":{"0":{"name":"(anonymous_0)","decl":{"start":{"line":12,"column":25},"end":{"line":12,"column":26}},"loc":{"start":{"line":12,"column":38},"end":{"line":18,"column":1}},"line":12},"1":{"name":"(anonymous_1)","decl":{"start":{"line":21,"column":2},"end":{"line":21,"column":13}},"loc":{"start":{"line":21,"column":16},"end":{"line":23,"column":3}},"line":21},"2":{"name":"(anonymous_2)","decl":{"start":{"line":26,"column":2},"end":{"line":26,"column":19}},"loc":{"start":{"line":26,"column":25},"end":{"line":31,"column":3}},"line":26},"3":{"name":"(anonymous_3)","decl":{"start":{"line":33,"column":8},"end":{"line":33,"column":16}},"loc":{"start":{"line":33,"column":33},"end":{"line":66,"column":3}},"line":33},"4":{"name":"(anonymous_4)","decl":{"start":{"line":68,"column":8},"end":{"line":68,"column":13}},"loc":{"start":{"line":68,"column":30},"end":{"line":100,"column":3}},"line":68},"5":{"name":"(anonymous_5)","decl":{"start":{"line":102,"column":8},"end":{"line":102,"column":22}},"loc":{"start":{"line":102,"column":39},"end":{"line":151,"column":3}},"line":102},"6":{"name":"(anonymous_6)","decl":{"start":{"line":153,"column":8},"end":{"line":153,"column":20}},"loc":{"start":{"line":153,"column":37},"end":{"line":183,"column":3}},"line":153},"7":{"name":"(anonymous_7)","decl":{"start":{"line":185,"column":8},"end":{"line":185,"column":14}},"loc":{"start":{"line":185,"column":31},"end":{"line":206,"column":3}},"line":185},"8":{"name":"(anonymous_8)","decl":{"start":{"line":208,"column":8},"end":{"line":208,"column":18}},"loc":{"start":{"line":208,"column":35},"end":{"line":222,"column":3}},"line":208},"9":{"name":"(anonymous_9)","decl":{"start":{"line":224,"column":8},"end":{"line":224,"column":24}},"loc":{"start":{"line":224,"column":41},"end":{"line":241,"column":3}},"line":224},"10":{"name":"(anonymous_10)","decl":{"start":{"line":243,"column":8},"end":{"line":243,"column":25}},"loc":{"start":{"line":243,"column":42},"end":{"line":257,"column":3}},"line":243}},"branchMap":{"0":{"loc":{"start":{"line":15,"column":12},"end":{"line":15,"column":63}},"type":"cond-expr","locations":[{"start":{"line":15,"column":47},"end":{"line":15,"column":55}},{"start":{"line":15,"column":58},"end":{"line":15,"column":63}}],"line":15},"1":{"loc":{"start":{"line":28,"column":17},"end":{"line":28,"column":50}},"type":"binary-expr","locations":[{"start":{"line":28,"column":17},"end":{"line":28,"column":42}},{"start":{"line":28,"column":46},"end":{"line":28,"column":50}}],"line":28},"2":{"loc":{"start":{"line":29,"column":17},"end":{"line":29,"column":64}},"type":"binary-expr","locations":[{"start":{"line":29,"column":17},"end":{"line":29,"column":23}},{"start":{"line":29,"column":27},"end":{"line":29,"column":56}},{"start":{"line":29,"column":60},"end":{"line":29,"column":64}}],"line":29},"3":{"loc":{"start":{"line":106,"column":6},"end":{"line":111,"column":7}},"type":"if","locations":[{"start":{"line":106,"column":6},"end":{"line":111,"column":7}},{"start":{},"end":{}}],"line":106},"4":{"loc":{"start":{"line":157,"column":8},"end":{"line":157,"column":58}},"type":"binary-expr","locations":[{"start":{"line":157,"column":8},"end":{"line":157,"column":33}},{"start":{"line":157,"column":37},"end":{"line":157,"column":58}}],"line":157},"5":{"loc":{"start":{"line":191,"column":6},"end":{"line":193,"column":7}},"type":"if","locations":[{"start":{"line":191,"column":6},"end":{"line":193,"column":7}},{"start":{},"end":{}}],"line":191}},"s":{"0":1,"1":8,"2":11,"3":8,"4":2,"5":2,"6":2,"7":1,"8":1,"9":1,"10":1,"11":2,"12":2,"13":2,"14":1,"15":1,"16":1,"17":1,"18":3,"19":3,"20":3,"21":1,"22":2,"23":2,"24":2,"25":1,"26":1,"27":1,"28":1,"29":1,"30":1,"31":1,"32":1,"33":2,"34":2,"35":2,"36":1,"37":1,"38":1,"39":1,"40":0,"41":0,"42":0,"43":0,"44":0,"45":0,"46":0,"47":0,"48":2,"49":2,"50":2,"51":1,"52":1,"53":0,"54":0,"55":0,"56":0,"57":0,"58":0,"59":0,"60":0,"61":0,"62":0,"63":0,"64":0},"f":{"0":8,"1":11,"2":8,"3":2,"4":2,"5":3,"6":2,"7":0,"8":2,"9":0,"10":0},"b":{"0":[0,8],"1":[8,0],"2":[8,0,0],"3":[1,2],"4":[2,2],"5":[0,0]},"meta":{"lastBranch":6,"lastFunction":11,"lastStatement":65,"seen":{"s:12:25:18:2":0,"f:12:25:12:26":0,"s:12:38:18:1":1,"b:15:47:15:55:15:58:15:63":0,"f:21:2:21:13":1,"s:22:4:22:37":2,"f:26:2:26:19":2,"s:27:4:30:6":3,"b:28:17:28:42:28:46:28:50":1,"b:29:17:29:23:29:27:29:56:29:60:29:64":2,"f:33:8:33:16":3,"s:34:4:65:5":4,"s:35:40:35:48":5,"s:37:21:42:7":6,"s:45:6:49:8":7,"s:50:6:54:8":8,"s:56:6:62:9":9,"s:64:6:64:18":10,"f:68:8:68:13":4,"s:69:4:99:5":11,"s:70:34:70:42":12,"s:72:21:76:7":13,"s:79:6:83:8":14,"s:84:6:88:8":15,"s:90:6:96:9":16,"s:98:6:98:18":17,"f:102:8:102:22":5,"s:103:4:150:5":18,"s:104:19:104:27":19,"b:106:6:111:7:undefined:undefined:undefined:undefined":3,"s:106:6:111:7":20,"s:107:8:110:11":21,"s:114:26:114:74":22,"s:115:27:115:76":23,"s:118:6:122:8":24,"s:125:6:125:79":25,"s:126:6:130:8":26,"s:133:23:140:26":27,"s:143:26:143:65":28,"s:144:6:144:56":29,"s:145:6:145:58":30,"s:147:6:147:50":31,"s:149:6:149:18":32,"f:153:8:153:20":6,"s:154:4:182:5":33,"s:157:8:157:58":34,"b:157:8:157:33:157:37:157:58":4,"s:159:21:162:7":35,"s:165:6:169:8":36,"s:170:6:174:8":37,"s:176:6:179:9":38,"s:181:6:181:18":39,"f:185:8:185:14":7,"s:186:4:205:5":40,"s:188:27:188:52":41,"b:191:6:193:7:undefined:undefined:undefined:undefined":5,"s:191:6:193:7":42,"s:192:8:192:48":43,"s:196:6:196:52":44,"s:197:6:197:53":45,"s:199:6:202:9":46,"s:204:6:204:18":47,"f:208:8:208:18":8,"s:209:4:221:5":48,"s:210:21:210:32":49,"s:212:22:212:59":50,"s:214:6:218:9":51,"s:220:6:220:18":52,"f:224:8:224:24":9,"s:225:4:240:5":53,"s:226:21:226:32":54,"s:228:6:228:50":55,"s:231:6:231:52":56,"s:232:6:232:53":57,"s:234:6:237:9":58,"s:239:6:239:18":59,"f:243:8:243:25":10,"s:244:4:256:5":60,"s:245:21:245:32":61,"s:247:23:247:67":62,"s:249:6:253:9":63,"s:255:6:255:18":64}}}
,"D:\\a web project\\portfolio-cms-backend\\backend-express\\src\\modules\\auth\\auth.repository.js": {"path":"D:\\a web project\\portfolio-cms-backend\\backend-express\\src\\modules\\auth\\auth.repository.js","statementMap":{"0":{"start":{"line":5,"column":4},"end":{"line":7,"column":7}},"1":{"start":{"line":11,"column":4},"end":{"line":13,"column":7}},"2":{"start":{"line":17,"column":4},"end":{"line":19,"column":7}},"3":{"start":{"line":23,"column":4},"end":{"line":26,"column":7}},"4":{"start":{"line":31,"column":4},"end":{"line":33,"column":7}},"5":{"start":{"line":37,"column":4},"end":{"line":39,"column":7}},"6":{"start":{"line":43,"column":4},"end":{"line":46,"column":7}},"7":{"start":{"line":50,"column":4},"end":{"line":56,"column":7}},"8":{"start":{"line":60,"column":4},"end":{"line":66,"column":7}},"9":{"start":{"line":70,"column":4},"end":{"line":81,"column":7}}},"fnMap":{"0":{"name":"(anonymous_0)","decl":{"start":{"line":4,"column":8},"end":{"line":4,"column":23}},"loc":{"start":{"line":4,"column":31},"end":{"line":8,"column":3}},"line":4},"1":{"name":"(anonymous_1)","decl":{"start":{"line":10,"column":8},"end":{"line":10,"column":18}},"loc":{"start":{"line":10,"column":25},"end":{"line":14,"column":3}},"line":10},"2":{"name":"(anonymous_2)","decl":{"start":{"line":16,"column":8},"end":{"line":16,"column":20}},"loc":{"start":{"line":16,"column":25},"end":{"line":20,"column":3}},"line":16},"3":{"name":"(anonymous_3)","decl":{"start":{"line":22,"column":8},"end":{"line":22,"column":18}},"loc":{"start":{"line":22,"column":29},"end":{"line":27,"column":3}},"line":22},"4":{"name":"(anonymous_4)","decl":{"start":{"line":30,"column":8},"end":{"line":30,"column":26}},"loc":{"start":{"line":30,"column":33},"end":{"line":34,"column":3}},"line":30},"5":{"name":"(anonymous_5)","decl":{"start":{"line":36,"column":8},"end":{"line":36,"column":24}},"loc":{"start":{"line":36,"column":32},"end":{"line":40,"column":3}},"line":36},"6":{"name":"(anonymous_6)","decl":{"start":{"line":42,"column":8},"end":{"line":42,"column":26}},"loc":{"start":{"line":42,"column":34},"end":{"line":47,"column":3}},"line":42},"7":{"name":"(anonymous_7)","decl":{"start":{"line":49,"column":8},"end":{"line":49,"column":27}},"loc":{"start":{"line":49,"column":36},"end":{"line":57,"column":3}},"line":49},"8":{"name":"(anonymous_8)","decl":{"start":{"line":59,"column":8},"end":{"line":59,"column":27}},"loc":{"start":{"line":59,"column":30},"end":{"line":67,"column":3}},"line":59},"9":{"name":"(anonymous_9)","decl":{"start":{"line":69,"column":8},"end":{"line":69,"column":27}},"loc":{"start":{"line":69,"column":36},"end":{"line":82,"column":3}},"line":69}},"branchMap":{},"s":{"0":2,"1":2,"2":2,"3":3,"4":0,"5":0,"6":0,"7":0,"8":0,"9":0},"f":{"0":2,"1":2,"2":2,"3":3,"4":0,"5":0,"6":0,"7":0,"8":0,"9":0},"b":{},"meta":{"lastBranch":0,"lastFunction":10,"lastStatement":10,"seen":{"f:4:8:4:23":0,"s:5:4:7:7":0,"f:10:8:10:18":1,"s:11:4:13:7":1,"f:16:8:16:20":2,"s:17:4:19:7":2,"f:22:8:22:18":3,"s:23:4:26:7":3,"f:30:8:30:26":4,"s:31:4:33:7":4,"f:36:8:36:24":5,"s:37:4:39:7":5,"f:42:8:42:26":6,"s:43:4:46:7":6,"f:49:8:49:27":7,"s:50:4:56:7":7,"f:59:8:59:27":8,"s:60:4:66:7":8,"f:69:8:69:27":9,"s:70:4:81:7":9}}}
,"D:\\a web project\\portfolio-cms-backend\\backend-express\\src\\modules\\auth\\auth.service.js": {"path":"D:\\a web project\\portfolio-cms-backend\\backend-express\\src\\modules\\auth\\auth.service.js","statementMap":{"0":{"start":{"line":16,"column":4},"end":{"line":16,"column":43}},"1":{"start":{"line":21,"column":25},"end":{"line":21,"column":69}},"2":{"start":{"line":22,"column":4},"end":{"line":24,"column":5}},"3":{"start":{"line":23,"column":6},"end":{"line":23,"column":66}},"4":{"start":{"line":27,"column":27},"end":{"line":27,"column":64}},"5":{"start":{"line":30,"column":17},"end":{"line":35,"column":6}},"6":{"start":{"line":38,"column":24},"end":{"line":38,"column":72}},"7":{"start":{"line":39,"column":25},"end":{"line":39,"column":74}},"8":{"start":{"line":42,"column":4},"end":{"line":42,"column":66}},"9":{"start":{"line":44,"column":4},"end":{"line":53,"column":6}},"10":{"start":{"line":58,"column":17},"end":{"line":58,"column":61}},"11":{"start":{"line":59,"column":4},"end":{"line":61,"column":5}},"12":{"start":{"line":60,"column":6},"end":{"line":60,"column":72}},"13":{"start":{"line":64,"column":28},"end":{"line":67,"column":5}},"14":{"start":{"line":68,"column":4},"end":{"line":70,"column":5}},"15":{"start":{"line":69,"column":6},"end":{"line":69,"column":72}},"16":{"start":{"line":73,"column":24},"end":{"line":73,"column":72}},"17":{"start":{"line":74,"column":25},"end":{"line":74,"column":74}},"18":{"start":{"line":77,"column":4},"end":{"line":77,"column":66}},"19":{"start":{"line":79,"column":4},"end":{"line":88,"column":6}},"20":{"start":{"line":92,"column":4},"end":{"line":94,"column":5}},"21":{"start":{"line":93,"column":6},"end":{"line":93,"column":74}},"22":{"start":{"line":97,"column":20},"end":{"line":97,"column":53}},"23":{"start":{"line":98,"column":4},"end":{"line":100,"column":5}},"24":{"start":{"line":99,"column":6},"end":{"line":99,"column":74}},"25":{"start":{"line":103,"column":24},"end":{"line":103,"column":76}},"26":{"start":{"line":104,"column":4},"end":{"line":106,"column":5}},"27":{"start":{"line":105,"column":6},"end":{"line":105,"column":74}},"28":{"start":{"line":109,"column":4},"end":{"line":111,"column":5}},"29":{"start":{"line":110,"column":6},"end":{"line":110,"column":66}},"30":{"start":{"line":114,"column":4},"end":{"line":116,"column":5}},"31":{"start":{"line":115,"column":6},"end":{"line":115,"column":74}},"32":{"start":{"line":118,"column":17},"end":{"line":118,"column":63}},"33":{"start":{"line":119,"column":4},"end":{"line":121,"column":5}},"34":{"start":{"line":120,"column":6},"end":{"line":120,"column":61}},"35":{"start":{"line":124,"column":4},"end":{"line":124,"column":59}},"36":{"start":{"line":127,"column":24},"end":{"line":127,"column":72}},"37":{"start":{"line":128,"column":28},"end":{"line":128,"column":77}},"38":{"start":{"line":131,"column":4},"end":{"line":131,"column":69}},"39":{"start":{"line":133,"column":4},"end":{"line":136,"column":6}},"40":{"start":{"line":140,"column":17},"end":{"line":140,"column":59}},"41":{"start":{"line":141,"column":4},"end":{"line":143,"column":5}},"42":{"start":{"line":142,"column":6},"end":{"line":142,"column":61}},"43":{"start":{"line":145,"column":4},"end":{"line":151,"column":6}},"44":{"start":{"line":156,"column":20},"end":{"line":156,"column":46}},"45":{"start":{"line":158,"column":4},"end":{"line":165,"column":7}},"46":{"start":{"line":170,"column":4},"end":{"line":175,"column":5}},"47":{"start":{"line":171,"column":26},"end":{"line":171,"column":78}},"48":{"start":{"line":172,"column":6},"end":{"line":174,"column":7}},"49":{"start":{"line":173,"column":8},"end":{"line":173,"column":63}},"50":{"start":{"line":180,"column":4},"end":{"line":180,"column":54}},"51":{"start":{"line":185,"column":19},"end":{"line":185,"column":68}},"52":{"start":{"line":186,"column":4},"end":{"line":192,"column":8}},"53":{"start":{"line":186,"column":34},"end":{"line":192,"column":5}},"54":{"start":{"line":197,"column":4},"end":{"line":197,"column":49}}},"fnMap":{"0":{"name":"(anonymous_0)","decl":{"start":{"line":15,"column":2},"end":{"line":15,"column":13}},"loc":{"start":{"line":15,"column":16},"end":{"line":17,"column":3}},"line":15},"1":{"name":"(anonymous_1)","decl":{"start":{"line":19,"column":8},"end":{"line":19,"column":16}},"loc":{"start":{"line":19,"column":55},"end":{"line":54,"column":3}},"line":19},"2":{"name":"(anonymous_2)","decl":{"start":{"line":56,"column":8},"end":{"line":56,"column":13}},"loc":{"start":{"line":56,"column":46},"end":{"line":89,"column":3}},"line":56},"3":{"name":"(anonymous_3)","decl":{"start":{"line":91,"column":8},"end":{"line":91,"column":20}},"loc":{"start":{"line":91,"column":50},"end":{"line":137,"column":3}},"line":91},"4":{"name":"(anonymous_4)","decl":{"start":{"line":139,"column":8},"end":{"line":139,"column":18}},"loc":{"start":{"line":139,"column":27},"end":{"line":152,"column":3}},"line":139},"5":{"name":"(anonymous_5)","decl":{"start":{"line":155,"column":8},"end":{"line":155,"column":25}},"loc":{"start":{"line":155,"column":56},"end":{"line":166,"column":3}},"line":155},"6":{"name":"(anonymous_6)","decl":{"start":{"line":169,"column":8},"end":{"line":169,"column":14}},"loc":{"start":{"line":169,"column":29},"end":{"line":176,"column":3}},"line":169},"7":{"name":"(anonymous_7)","decl":{"start":{"line":179,"column":8},"end":{"line":179,"column":24}},"loc":{"start":{"line":179,"column":33},"end":{"line":181,"column":3}},"line":179},"8":{"name":"(anonymous_8)","decl":{"start":{"line":184,"column":8},"end":{"line":184,"column":25}},"loc":{"start":{"line":184,"column":34},"end":{"line":193,"column":3}},"line":184},"9":{"name":"(anonymous_9)","decl":{"start":{"line":186,"column":22},"end":{"line":186,"column":23}},"loc":{"start":{"line":186,"column":34},"end":{"line":192,"column":5}},"line":186},"10":{"name":"(anonymous_10)","decl":{"start":{"line":196,"column":8},"end":{"line":196,"column":28}},"loc":{"start":{"line":196,"column":31},"end":{"line":198,"column":3}},"line":196}},"branchMap":{"0":{"loc":{"start":{"line":19,"column":40},"end":{"line":19,"column":53}},"type":"default-arg","locations":[{"start":{"line":19,"column":51},"end":{"line":19,"column":53}}],"line":19},"1":{"loc":{"start":{"line":22,"column":4},"end":{"line":24,"column":5}},"type":"if","locations":[{"start":{"line":22,"column":4},"end":{"line":24,"column":5}},{"start":{},"end":{}}],"line":22},"2":{"loc":{"start":{"line":56,"column":31},"end":{"line":56,"column":44}},"type":"default-arg","locations":[{"start":{"line":56,"column":42},"end":{"line":56,"column":44}}],"line":56},"3":{"loc":{"start":{"line":59,"column":4},"end":{"line":61,"column":5}},"type":"if","locations":[{"start":{"line":59,"column":4},"end":{"line":61,"column":5}},{"start":{},"end":{}}],"line":59},"4":{"loc":{"start":{"line":68,"column":4},"end":{"line":70,"column":5}},"type":"if","locations":[{"start":{"line":68,"column":4},"end":{"line":70,"column":5}},{"start":{},"end":{}}],"line":68},"5":{"loc":{"start":{"line":91,"column":35},"end":{"line":91,"column":48}},"type":"default-arg","locations":[{"start":{"line":91,"column":46},"end":{"line":91,"column":48}}],"line":91},"6":{"loc":{"start":{"line":92,"column":4},"end":{"line":94,"column":5}},"type":"if","locations":[{"start":{"line":92,"column":4},"end":{"line":94,"column":5}},{"start":{},"end":{}}],"line":92},"7":{"loc":{"start":{"line":98,"column":4},"end":{"line":100,"column":5}},"type":"if","locations":[{"start":{"line":98,"column":4},"end":{"line":100,"column":5}},{"start":{},"end":{}}],"line":98},"8":{"loc":{"start":{"line":98,"column":8},"end":{"line":98,"column":46}},"type":"binary-expr","locations":[{"start":{"line":98,"column":8},"end":{"line":98,"column":16}},{"start":{"line":98,"column":20},"end":{"line":98,"column":46}}],"line":98},"9":{"loc":{"start":{"line":104,"column":4},"end":{"line":106,"column":5}},"type":"if","locations":[{"start":{"line":104,"column":4},"end":{"line":106,"column":5}},{"start":{},"end":{}}],"line":104},"10":{"loc":{"start":{"line":109,"column":4},"end":{"line":111,"column":5}},"type":"if","locations":[{"start":{"line":109,"column":4},"end":{"line":111,"column":5}},{"start":{},"end":{}}],"line":109},"11":{"loc":{"start":{"line":114,"column":4},"end":{"line":116,"column":5}},"type":"if","locations":[{"start":{"line":114,"column":4},"end":{"line":116,"column":5}},{"start":{},"end":{}}],"line":114},"12":{"loc":{"start":{"line":119,"column":4},"end":{"line":121,"column":5}},"type":"if","locations":[{"start":{"line":119,"column":4},"end":{"line":121,"column":5}},{"start":{},"end":{}}],"line":119},"13":{"loc":{"start":{"line":141,"column":4},"end":{"line":143,"column":5}},"type":"if","locations":[{"start":{"line":141,"column":4},"end":{"line":143,"column":5}},{"start":{},"end":{}}],"line":141},"14":{"loc":{"start":{"line":155,"column":41},"end":{"line":155,"column":54}},"type":"default-arg","locations":[{"start":{"line":155,"column":52},"end":{"line":155,"column":54}}],"line":155},"15":{"loc":{"start":{"line":163,"column":17},"end":{"line":163,"column":43}},"type":"binary-expr","locations":[{"start":{"line":163,"column":17},"end":{"line":163,"column":35}},{"start":{"line":163,"column":39},"end":{"line":163,"column":43}}],"line":163},"16":{"loc":{"start":{"line":164,"column":17},"end":{"line":164,"column":43}},"type":"binary-expr","locations":[{"start":{"line":164,"column":17},"end":{"line":164,"column":35}},{"start":{"line":164,"column":39},"end":{"line":164,"column":43}}],"line":164},"17":{"loc":{"start":{"line":170,"column":4},"end":{"line":175,"column":5}},"type":"if","locations":[{"start":{"line":170,"column":4},"end":{"line":175,"column":5}},{"start":{},"end":{}}],"line":170},"18":{"loc":{"start":{"line":172,"column":6},"end":{"line":174,"column":7}},"type":"if","locations":[{"start":{"line":172,"column":6},"end":{"line":174,"column":7}},{"start":{},"end":{}}],"line":172},"19":{"loc":{"start":{"line":172,"column":10},"end":{"line":172,"column":47}},"type":"binary-expr","locations":[{"start":{"line":172,"column":10},"end":{"line":172,"column":21}},{"start":{"line":172,"column":25},"end":{"line":172,"column":47}}],"line":172}},"s":{"0":23,"1":2,"2":2,"3":1,"4":1,"5":1,"6":1,"7":1,"8":1,"9":1,"10":3,"11":3,"12":1,"13":2,"14":2,"15":1,"16":1,"17":1,"18":1,"19":1,"20":5,"21":1,"22":4,"23":4,"24":2,"25":2,"26":2,"27":0,"28":2,"29":0,"30":2,"31":0,"32":2,"33":2,"34":1,"35":1,"36":1,"37":1,"38":1,"39":1,"40":2,"41":2,"42":1,"43":1,"44":3,"45":3,"46":0,"47":0,"48":0,"49":0,"50":0,"51":0,"52":0,"53":0,"54":0},"f":{"0":23,"1":2,"2":3,"3":5,"4":2,"5":3,"6":0,"7":0,"8":0,"9":0,"10":0},"b":{"0":[2],"1":[1,1],"2":[3],"3":[1,2],"4":[1,1],"5":[5],"6":[1,4],"7":[2,2],"8":[4,3],"9":[0,2],"10":[0,2],"11":[0,2],"12":[1,1],"13":[1,1],"14":[3],"15":[3,3],"16":[3,3],"17":[0,0],"18":[0,0],"19":[0,0]},"meta":{"lastBranch":20,"lastFunction":11,"lastStatement":55,"seen":{"f:15:2:15:13":0,"s:16:4:16:43":0,"f:19:8:19:16":1,"b:19:51:19:53":0,"s:21:25:21:69":1,"b:22:4:24:5:undefined:undefined:undefined:undefined":1,"s:22:4:24:5":2,"s:23:6:23:66":3,"s:27:27:27:64":4,"s:30:17:35:6":5,"s:38:24:38:72":6,"s:39:25:39:74":7,"s:42:4:42:66":8,"s:44:4:53:6":9,"f:56:8:56:13":2,"b:56:42:56:44":2,"s:58:17:58:61":10,"b:59:4:61:5:undefined:undefined:undefined:undefined":3,"s:59:4:61:5":11,"s:60:6:60:72":12,"s:64:28:67:5":13,"b:68:4:70:5:undefined:undefined:undefined:undefined":4,"s:68:4:70:5":14,"s:69:6:69:72":15,"s:73:24:73:72":16,"s:74:25:74:74":17,"s:77:4:77:66":18,"s:79:4:88:6":19,"f:91:8:91:20":3,"b:91:46:91:48":5,"b:92:4:94:5:undefined:undefined:undefined:undefined":6,"s:92:4:94:5":20,"s:93:6:93:74":21,"s:97:20:97:53":22,"b:98:4:100:5:undefined:undefined:undefined:undefined":7,"s:98:4:100:5":23,"b:98:8:98:16:98:20:98:46":8,"s:99:6:99:74":24,"s:103:24:103:76":25,"b:104:4:106:5:undefined:undefined:undefined:undefined":9,"s:104:4:106:5":26,"s:105:6:105:74":27,"b:109:4:111:5:undefined:undefined:undefined:undefined":10,"s:109:4:111:5":28,"s:110:6:110:66":29,"b:114:4:116:5:undefined:undefined:undefined:undefined":11,"s:114:4:116:5":30,"s:115:6:115:74":31,"s:118:17:118:63":32,"b:119:4:121:5:undefined:undefined:undefined:undefined":12,"s:119:4:121:5":33,"s:120:6:120:61":34,"s:124:4:124:59":35,"s:127:24:127:72":36,"s:128:28:128:77":37,"s:131:4:131:69":38,"s:133:4:136:6":39,"f:139:8:139:18":4,"s:140:17:140:59":40,"b:141:4:143:5:undefined:undefined:undefined:undefined":13,"s:141:4:143:5":41,"s:142:6:142:61":42,"s:145:4:151:6":43,"f:155:8:155:25":5,"b:155:52:155:54":14,"s:156:20:156:46":44,"s:158:4:165:7":45,"b:163:17:163:35:163:39:163:43":15,"b:164:17:164:35:164:39:164:43":16,"f:169:8:169:14":6,"b:170:4:175:5:undefined:undefined:undefined:undefined":17,"s:170:4:175:5":46,"s:171:26:171:78":47,"b:172:6:174:7:undefined:undefined:undefined:undefined":18,"s:172:6:174:7":48,"b:172:10:172:21:172:25:172:47":19,"s:173:8:173:63":49,"f:179:8:179:24":7,"s:180:4:180:54":50,"f:184:8:184:25":8,"s:185:19:185:68":51,"s:186:4:192:8":52,"f:186:22:186:23":9,"s:186:34:192:5":53,"f:196:8:196:28":10,"s:197:4:197:49":54}}}
,"D:\\a web project\\portfolio-cms-backend\\backend-express\\src\\modules\\auth\\auth.validation.js": {"path":"D:\\a web project\\portfolio-cms-backend\\backend-express\\src\\modules\\auth\\auth.validation.js","statementMap":{"0":{"start":{"line":5,"column":37},"end":{"line":49,"column":1}}},"fnMap":{},"branchMap":{},"s":{"0":1},"f":{},"b":{},"meta":{"lastBranch":0,"lastFunction":0,"lastStatement":1,"seen":{"s:5:37:49:1":0}}}
,"D:\\a web project\\portfolio-cms-backend\\backend-express\\src\\modules\\cells\\cell.controller.js": {"path":"D:\\a web project\\portfolio-cms-backend\\backend-express\\src\\modules\\cells\\cell.controller.js","statementMap":{"0":{"start":{"line":12,"column":4},"end":{"line":12,"column":37}},"1":{"start":{"line":16,"column":4},"end":{"line":29,"column":5}},"2":{"start":{"line":17,"column":21},"end":{"line":17,"column":32}},"3":{"start":{"line":18,"column":24},"end":{"line":18,"column":34}},"4":{"start":{"line":20,"column":20},"end":{"line":20,"column":67}},"5":{"start":{"line":22,"column":6},"end":{"line":26,"column":9}},"6":{"start":{"line":28,"column":6},"end":{"line":28,"column":18}},"7":{"start":{"line":33,"column":4},"end":{"line":67,"column":5}},"8":{"start":{"line":34,"column":21},"end":{"line":34,"column":32}},"9":{"start":{"line":35,"column":24},"end":{"line":35,"column":34}},"10":{"start":{"line":36,"column":34},"end":{"line":36,"column":42}},"11":{"start":{"line":37,"column":24},"end":{"line":37,"column":32}},"12":{"start":{"line":39,"column":6},"end":{"line":64,"column":7}},"13":{"start":{"line":40,"column":21},"end":{"line":46,"column":9}},"14":{"start":{"line":49,"column":8},"end":{"line":51,"column":9}},"15":{"start":{"line":50,"column":10},"end":{"line":50,"column":53}},"16":{"start":{"line":53,"column":8},"end":{"line":57,"column":11}},"17":{"start":{"line":60,"column":8},"end":{"line":62,"column":9}},"18":{"start":{"line":61,"column":10},"end":{"line":61,"column":53}},"19":{"start":{"line":63,"column":8},"end":{"line":63,"column":20}},"20":{"start":{"line":66,"column":6},"end":{"line":66,"column":18}}},"fnMap":{"0":{"name":"(anonymous_0)","decl":{"start":{"line":11,"column":2},"end":{"line":11,"column":13}},"loc":{"start":{"line":11,"column":16},"end":{"line":13,"column":3}},"line":11},"1":{"name":"(anonymous_1)","decl":{"start":{"line":15,"column":8},"end":{"line":15,"column":21}},"loc":{"start":{"line":15,"column":38},"end":{"line":30,"column":3}},"line":15},"2":{"name":"(anonymous_2)","decl":{"start":{"line":32,"column":8},"end":{"line":32,"column":18}},"loc":{"start":{"line":32,"column":35},"end":{"line":68,"column":3}},"line":32}},"branchMap":{"0":{"loc":{"start":{"line":49,"column":8},"end":{"line":51,"column":9}},"type":"if","locations":[{"start":{"line":49,"column":8},"end":{"line":51,"column":9}},{"start":{},"end":{}}],"line":49},"1":{"loc":{"start":{"line":60,"column":8},"end":{"line":62,"column":9}},"type":"if","locations":[{"start":{"line":60,"column":8},"end":{"line":62,"column":9}},{"start":{},"end":{}}],"line":60}},"s":{"0":5,"1":2,"2":2,"3":2,"4":2,"5":1,"6":1,"7":3,"8":3,"9":3,"10":3,"11":3,"12":3,"13":3,"14":2,"15":1,"16":2,"17":1,"18":1,"19":1,"20":1},"f":{"0":5,"1":2,"2":3},"b":{"0":[1,1],"1":[1,0]},"meta":{"lastBranch":2,"lastFunction":3,"lastStatement":21,"seen":{"f:11:2:11:13":0,"s:12:4:12:37":0,"f:15:8:15:21":1,"s:16:4:29:5":1,"s:17:21:17:32":2,"s:18:24:18:34":3,"s:20:20:20:67":4,"s:22:6:26:9":5,"s:28:6:28:18":6,"f:32:8:32:18":2,"s:33:4:67:5":7,"s:34:21:34:32":8,"s:35:24:35:34":9,"s:36:34:36:42":10,"s:37:24:37:32":11,"s:39:6:64:7":12,"s:40:21:46:9":13,"b:49:8:51:9:undefined:undefined:undefined:undefined":0,"s:49:8:51:9":14,"s:50:10:50:53":15,"s:53:8:57:11":16,"b:60:8:62:9:undefined:undefined:undefined:undefined":1,"s:60:8:62:9":17,"s:61:10:61:53":18,"s:63:8:63:20":19,"s:66:6:66:18":20}}}
,"D:\\a web project\\portfolio-cms-backend\\backend-express\\src\\modules\\cells\\cell.repository.js": {"path":"D:\\a web project\\portfolio-cms-backend\\backend-express\\src\\modules\\cells\\cell.repository.js","statementMap":{"0":{"start":{"line":8,"column":16},"end":{"line":21,"column":6}},"1":{"start":{"line":23,"column":4},"end":{"line":25,"column":5}},"2":{"start":{"line":24,"column":6},"end":{"line":24,"column":19}},"3":{"start":{"line":27,"column":4},"end":{"line":27,"column":47}},"4":{"start":{"line":32,"column":17},"end":{"line":47,"column":6}},"5":{"start":{"line":49,"column":4},"end":{"line":49,"column":16}},"6":{"start":{"line":54,"column":18},"end":{"line":67,"column":6}},"7":{"start":{"line":69,"column":4},"end":{"line":69,"column":17}},"8":{"start":{"line":80,"column":17},"end":{"line":108,"column":6}},"9":{"start":{"line":110,"column":4},"end":{"line":110,"column":16}}},"fnMap":{"0":{"name":"(anonymous_0)","decl":{"start":{"line":7,"column":8},"end":{"line":7,"column":25}},"loc":{"start":{"line":7,"column":41},"end":{"line":28,"column":3}},"line":7},"1":{"name":"(anonymous_1)","decl":{"start":{"line":31,"column":8},"end":{"line":31,"column":30}},"loc":{"start":{"line":31,"column":48},"end":{"line":50,"column":3}},"line":31},"2":{"name":"(anonymous_2)","decl":{"start":{"line":53,"column":8},"end":{"line":53,"column":24}},"loc":{"start":{"line":53,"column":32},"end":{"line":70,"column":3}},"line":53},"3":{"name":"(anonymous_3)","decl":{"start":{"line":73,"column":8},"end":{"line":73,"column":18}},"loc":{"start":{"line":79,"column":4},"end":{"line":111,"column":3}},"line":79}},"branchMap":{"0":{"loc":{"start":{"line":23,"column":4},"end":{"line":25,"column":5}},"type":"if","locations":[{"start":{"line":23,"column":4},"end":{"line":25,"column":5}},{"start":{},"end":{}}],"line":23},"1":{"loc":{"start":{"line":77,"column":4},"end":{"line":77,"column":19}},"type":"default-arg","locations":[{"start":{"line":77,"column":15},"end":{"line":77,"column":19}}],"line":77},"2":{"loc":{"start":{"line":78,"column":4},"end":{"line":78,"column":29}},"type":"default-arg","locations":[{"start":{"line":78,"column":25},"end":{"line":78,"column":29}}],"line":78}},"s":{"0":4,"1":4,"2":1,"3":3,"4":3,"5":3,"6":4,"7":4,"8":6,"9":6},"f":{"0":4,"1":3,"2":4,"3":6},"b":{"0":[1,3],"1":[6],"2":[6]},"meta":{"lastBranch":3,"lastFunction":4,"lastStatement":10,"seen":{"f:7:8:7:25":0,"s:8:16:21:6":0,"b:23:4:25:5:undefined:undefined:undefined:undefined":0,"s:23:4:25:5":1,"s:24:6:24:19":2,"s:27:4:27:47":3,"f:31:8:31:30":1,"s:32:17:47:6":4,"s:49:4:49:16":5,"f:53:8:53:24":2,"s:54:18:67:6":6,"s:69:4:69:17":7,"f:73:8:73:18":3,"b:77:15:77:19":1,"b:78:25:78:29":2,"s:80:17:108:6":8,"s:110:4:110:16":9}}}
,"D:\\a web project\\portfolio-cms-backend\\backend-express\\src\\modules\\cells\\cell.service.js": {"path":"D:\\a web project\\portfolio-cms-backend\\backend-express\\src\\modules\\cells\\cell.service.js","statementMap":{"0":{"start":{"line":8,"column":4},"end":{"line":8,"column":43}},"1":{"start":{"line":13,"column":23},"end":{"line":13,"column":77}},"2":{"start":{"line":14,"column":4},"end":{"line":16,"column":5}},"3":{"start":{"line":15,"column":6},"end":{"line":15,"column":47}},"4":{"start":{"line":18,"column":18},"end":{"line":18,"column":63}},"5":{"start":{"line":19,"column":4},"end":{"line":19,"column":55}},"6":{"start":{"line":19,"column":31},"end":{"line":19,"column":53}},"7":{"start":{"line":25,"column":23},"end":{"line":25,"column":77}},"8":{"start":{"line":26,"column":4},"end":{"line":28,"column":5}},"9":{"start":{"line":27,"column":6},"end":{"line":27,"column":47}},"10":{"start":{"line":31,"column":25},"end":{"line":34,"column":5}},"11":{"start":{"line":36,"column":21},"end":{"line":36,"column":25}},"12":{"start":{"line":37,"column":19},"end":{"line":37,"column":23}},"13":{"start":{"line":38,"column":29},"end":{"line":38,"column":33}},"14":{"start":{"line":41,"column":4},"end":{"line":97,"column":5}},"15":{"start":{"line":42,"column":6},"end":{"line":59,"column":7}},"16":{"start":{"line":44,"column":8},"end":{"line":46,"column":9}},"17":{"start":{"line":45,"column":10},"end":{"line":45,"column":79}},"18":{"start":{"line":49,"column":29},"end":{"line":51,"column":9}},"19":{"start":{"line":52,"column":8},"end":{"line":52,"column":41}},"20":{"start":{"line":53,"column":8},"end":{"line":53,"column":51}},"21":{"start":{"line":56,"column":8},"end":{"line":56,"column":26}},"22":{"start":{"line":58,"column":8},"end":{"line":58,"column":68}},"23":{"start":{"line":62,"column":9},"end":{"line":97,"column":5}},"24":{"start":{"line":63,"column":6},"end":{"line":63,"column":32}},"25":{"start":{"line":66,"column":6},"end":{"line":74,"column":7}},"26":{"start":{"line":67,"column":8},"end":{"line":73,"column":9}},"27":{"start":{"line":68,"column":10},"end":{"line":68,"column":79}},"28":{"start":{"line":70,"column":10},"end":{"line":72,"column":12}},"29":{"start":{"line":77,"column":6},"end":{"line":77,"column":22}},"30":{"start":{"line":78,"column":6},"end":{"line":78,"column":32}},"31":{"start":{"line":82,"column":6},"end":{"line":82,"column":24}},"32":{"start":{"line":85,"column":6},"end":{"line":93,"column":7}},"33":{"start":{"line":86,"column":8},"end":{"line":92,"column":9}},"34":{"start":{"line":87,"column":10},"end":{"line":87,"column":79}},"35":{"start":{"line":89,"column":10},"end":{"line":91,"column":12}},"36":{"start":{"line":95,"column":6},"end":{"line":95,"column":22}},"37":{"start":{"line":96,"column":6},"end":{"line":96,"column":32}},"38":{"start":{"line":99,"column":17},"end":{"line":105,"column":5}},"39":{"start":{"line":107,"column":4},"end":{"line":109,"column":5}},"40":{"start":{"line":108,"column":6},"end":{"line":108,"column":48}},"41":{"start":{"line":111,"column":4},"end":{"line":111,"column":34}},"42":{"start":{"line":115,"column":4},"end":{"line":125,"column":6}}},"fnMap":{"0":{"name":
[...]
24,"column":4},"end":{"line":39,"column":5}},"9":{"start":{"line":25,"column":20},"end":{"line":25,"column":45}},"10":{"start":{"line":26,"column":18},"end":{"line":26,"column":28}},"11":{"start":{"line":28,"column":6},"end":{"line":36,"column":7}},"12":{"start":{"line":29,"column":25},"end":{"line":29,"column":49}},"13":{"start":{"line":30,"column":22},"end":{"line":30,"column":45}},"14":{"start":{"line":31,"column":24},"end":{"line":31,"column":43}},"15":{"start":{"line":33,"column":8},"end":{"line":35,"column":9}},"16":{"start":{"line":34,"column":10},"end":{"line":34,"column":42}},"17":{"start":{"line":38,"column":6},"end":{"line":38,"column":57}}},"fnMap":{"0":{"name":"(anonymous_0)","decl":{"start":{"line":5,"column":15},"end":{"line":5,"column":25}},"loc":{"start":{"line":5,"column":36},"end":{"line":12,"column":3}},"line":5},"1":{"name":"(anonymous_1)","decl":{"start":{"line":14,"column":15},"end":{"line":14,"column":31}},"loc":{"start":{"line":14,"column":34},"end":{"line":21,"column":3}},"line":14},"2":{"name":"(anonymous_2)","decl":{"start":{"line":23,"column":15},"end":{"line":23,"column":28}},"loc":{"start":{"line":23,"column":70},"end":{"line":40,"column":3}},"line":23}},"branchMap":{"0":{"loc":{"start":{"line":23,"column":38},"end":{"line":23,"column":68}},"type":"default-arg","locations":[{"start":{"line":23,"column":49},"end":{"line":23,"column":68}}],"line":23},"1":{"loc":{"start":{"line":33,"column":8},"end":{"line":35,"column":9}},"type":"if","locations":[{"start":{"line":33,"column":8},"end":{"line":35,"column":9}},{"start":{},"end":{}}],"line":33},"2":{"loc":{"start":{"line":33,"column":12},"end":{"line":33,"column":48}},"type":"binary-expr","locations":[{"start":{"line":33,"column":12},"end":{"line":33,"column":30}},{"start":{"line":33,"column":34},"end":{"line":33,"column":48}}],"line":33}},"s":{"0":6,"1":6,"2":4,"3":2,"4":3,"5":3,"6":3,"7":2,"8":7,"9":7,"10":6,"11":6,"12":6,"13":6,"14":6,"15":6,"16":3,"17":1},"f":{"0":1,"1":1,"2":1},"b":{"0":[7],"1":[3,3],"2":[6,4]},"meta":{"lastBranch":3,"lastFunction":3,"lastStatement":18,"seen":{"f:5:15:5:25":0,"s:6:4:11:5":0,"s:7:6:7:32":1,"s:8:6:8:47":2,"s:10:6:10:65":3,"f:14:15:14:31":1,"s:15:23:15:46":4,"s:16:4:20:5":5,"s:17:6:17:34":6,"s:19:6:19:54":7,"f:23:15:23:28":2,"b:23:49:23:68":0,"s:24:4:39:5":8,"s:25:20:25:45":9,"s:26:18:26:28":10,"s:28:6:36:7":11,"s:29:25:29:49":12,"s:30:22:30:45":13,"s:31:24:31:43":14,"b:33:8:35:9:undefined:undefined:undefined:undefined":1,"s:33:8:35:9":15,"b:33:12:33:30:33:34:33:48":2,"s:34:10:34:42":16,"s:38:6:38:57":17}}}
,"D:\\a web project\\portfolio-cms-backend\\backend-express\\src\\utils\\hash.js": {"path":"D:\\a web project\\portfolio-cms-backend\\backend-express\\src\\utils\\hash.js","statementMap":{"0":{"start":{"line":5,"column":17},"end":{"line":5,"column":41}},"1":{"start":{"line":6,"column":4},"end":{"line":6,"column":39}},"2":{"start":{"line":10,"column":4},"end":{"line":10,"column":52}}},"fnMap":{"0":{"name":"(anonymous_0)","decl":{"start":{"line":4,"column":15},"end":{"line":4,"column":27}},"loc":{"start":{"line":4,"column":38},"end":{"line":7,"column":3}},"line":4},"1":{"name":"(anonymous_1)","decl":{"start":{"line":9,"column":15},"end":{"line":9,"column":30}},"loc":{"start":{"line":9,"column":57},"end":{"line":11,"column":3}},"line":9}},"branchMap":{},"s":{"0":6,"1":5,"2":5},"f":{"0":2,"1":2},"b":{},"meta":{"lastBranch":0,"lastFunction":2,"lastStatement":3,"seen":{"f:4:15:4:27":0,"s:5:17:5:41":0,"s:6:4:6:39":1,"f:9:15:9:30":1,"s:10:4:10:52":2}}}
,"D:\\a web project\\portfolio-cms-backend\\backend-express\\src\\utils\\imageCleanupService.js": {"path":"D:\\a web project\\portfolio-cms-backend\\backend-express\\src\\utils\\imageCleanupService.js","statementMap":{"0":{"start":{"line":18,"column":4},"end":{"line":38,"column":5}},"1":{"start":{"line":19,"column":20},"end":{"line":32,"column":8}},"2":{"start":{"line":34,"column":6},"end":{"line":34,"column":46}},"3":{"start":{"line":36,"column":6},"end":{"line":36,"column":83}},"4":{"start":{"line":37,"column":6},"end":{"line":37,"column":18}},"5":{"start":{"line":46,"column":4},"end":{"line":67,"column":5}},"6":{"start":{"line":47,"column":20},"end":{"line":58,"column":8}},"7":{"start":{"line":60,"column":6},"end":{"line":60,"column":46}},"8":{"start":{"line":62,"column":6},"end":{"line":65,"column":8}},"9":{"start":{"line":66,"column":6},"end":{"line":66,"column":18}},"10":{"start":{"line":75,"column":4},"end":{"line":91,"column":5}},"11":{"start":{"line":76,"column":20},"end":{"line":85,"column":8}},"12":{"start":{"line":87,"column":6},"end":{"line":87,"column":46}},"13":{"start":{"line":89,"column":6},"end":{"line":89,"column":85}},"14":{"start":{"line":90,"column":6},"end":{"line":90,"column":18}},"15":{"start":{"line":99,"column":4},"end":{"line":116,"column":5}},"16":{"start":{"line":100,"column":20},"end":{"line":107,"column":8}},"17":{"start":{"line":109,"column":6},"end":{"line":109,"column":46}},"18":{"start":{"line":111,"column":6},"end":{"line":114,"column":8}},"19":{"start":{"line":115,"column":6},"end":{"line":115,"column":18}},"20":{"start":{"line":124,"column":4},"end":{"line":138,"column":5}},"21":{"start":{"line":125,"column":20},"end":{"line":132,"column":8}},"22":{"start":{"line":134,"column":6},"end":{"line":134,"column":46}},"23":{"start":{"line":136,"column":6},"end":{"line":136,"column":81}},"24":{"start":{"line":137,"column":6},"end":{"line":137,"column":18}},"25":{"start":{"line":146,"column":4},"end":{"line":160,"column":5}},"26":{"start":{"line":147,"column":19},"end":{"line":152,"column":8}},"27":{"start":{"line":154,"column":6},"end":{"line":156,"column":7}},"28":{"start":{"line":155,"column":8},"end":{"line":155,"column":69}},"29":{"start":{"line":158,"column":6},"end":{"line":158,"column":82}},"30":{"start":{"line":159,"column":6},"end":{"line":159,"column":18}},"31":{"start":{"line":168,"column":4},"end":{"line":170,"column":5}},"32":{"start":{"line":169,"column":6},"end":{"line":169,"column":13}},"33":{"start":{"line":172,"column":22},"end":{"line":174,"column":45}},"34":{"start":{"line":173,"column":24},"end":{"line":173,"column":47}},"35":{"start":{"line":174,"column":21},"end":{"line":174,"column":44}},"36":{"start":{"line":176,"column":4},"end":{"line":178,"column":5}},"37":{"start":{"line":177,"column":6},"end":{"line":177,"column":13}},"38":{"start":{"line":180,"column":4},"end":{"line":188,"column":5}},"39":{"start":{"line":181,"column":6},"end":{"line":181,"column":54}},"40":{"start":{"line":183,"column":6},"end":{"line":186,"column":8}},"41":{"start":{"line":195,"column":4},"end":{"line":210,"column":7}},"42":{"start":{"line":214,"column":4},"end":{"line":227,"column":7}},"43":{"start":{"line":231,"column":4},"end":{"line":242,"column":7}},"44":{"start":{"line":246,"column":4},"end":{"line":255,"column":7}},"45":{"start":{"line":259,"column":4},"end":{"line":268,"column":7}}},"fnMap":{"0":{"name":"(anonymous_0)","decl":{"start":{"line":17,"column":15},"end":{"line":17,"column":35}},"loc":{"start":{"line":17,"column":44},"end":{"line":39,"column":3}},"line":17},"1":{"name":"(anonymous_1)","decl":{"start":{"line":45,"column":15},"end":{"line":45,"column":38}},"loc":{"start":{"line":45,"column":50},"end":{"line":68,"column":3}},"line":45},"2":{"name":"(anonymous_2)","decl":{"start":{"line":74,"column":15},"end":{"line":74,"column":36}},"loc":{"start":{"line":74,"column":46},"end":{"line":92,"column":3}},"line":74},"3":{"name":"(anonymous_3)","decl":{"start":{"line":98,"column":15},"end":{"line":98,"column":37}},"loc":{"start":{"line":98,"column":48},"end":{"line":117,"column":3}},"line":98},"4":{"name":"(anonymous_4)","decl":{"start":{"line":123,"column":15},"end":{"line":123,"column":34}},"loc":{"start":{"line":123,"column":42},"end":{"line":139,"column":3}},"line":123},"5":{"name":"(anonymous_5)","decl":{"start":{"line":145,"column":15},"end":{"line":145,"column":35}},"loc":{"start":{"line":145,"column":44},"end":{"line":161,"column":3}},"line":145},"6":{"name":"(anonymous_6)","decl":{"start":{"line":167,"column":15},"end":{"line":167,"column":36}},"loc":{"start":{"line":167,"column":44},"end":{"line":189,"column":3}},"line":167},"7":{"name":"(anonymous_7)","decl":{"start":{"line":173,"column":14},"end":{"line":173,"column":15}},"loc":{"start":{"line":173,"column":24},"end":{"line":173,"column":47}},"line":173},"8":{"name":"(anonymous_8)","decl":{"start":{"line":174,"column":11},"end":{"line":174,"column":12}},"loc":{"start":{"line":174,"column":21},"end":{"line":174,"column":44}},"line":174},"9":{"name":"(anonymous_9)","decl":{"start":{"line":194,"column":15},"end":{"line":194,"column":32}},"loc":{"start":{"line":194,"column":41},"end":{"line":211,"column":3}},"line":194},"10":{"name":"(anonymous_10)","decl":{"start":{"line":213,"column":15},"end":{"line":213,"column":35}},"loc":{"start":{"line":213,"column":47},"end":{"line":228,"column":3}},"line":213},"11":{"name":"(anonymous_11)","decl":{"start":{"line":230,"column":15},"end":{"line":230,"column":33}},"loc":{"start":{"line":230,"column":43},"end":{"line":243,"column":3}},"line":230},"12":{"name":"(anonymous_12)","decl":{"start":{"line":245,"column":15},"end":{"line":245,"column":31}},"loc":{"start":{"line":245,"column":39},"end":{"line":256,"column":3}},"line":245},"13":{"name":"(anonymous_13)","decl":{"start":{"line":258,"column":15},"end":{"line":258,"column":34}},"loc":{"start":{"line":258,"column":45},"end":{"line":269,"column":3}},"line":258}},"branchMap":{"0":{"loc":{"start":{"line":154,"column":6},"end":{"line":156,"column":7}},"type":"if","locations":[{"start":{"line":154,"column":6},"end":{"line":156,"column":7}},{"start":{},"end":{}}],"line":154},"1":{"loc":{"start":{"line":154,"column":10},"end":{"line":154,"column":41}},"type":"binary-expr","locations":[{"start":{"line":154,"column":10},"end":{"line":154,"column":14}},{"start":{"line":154,"column":18},"end":{"line":154,"column":41}}],"line":154},"2":{"loc":{"start":{"line":168,"column":4},"end":{"line":170,"column":5}},"type":"if","locations":[{"start":{"line":168,"column":4},"end":{"line":170,"column":5}},{"start":{},"end":{}}],"line":168},"3":{"loc":{"start":{"line":168,"column":8},"end":{"line":168,"column":36}},"type":"binary-expr","locations":[{"start":{"line":168,"column":8},"end":{"line":168,"column":14}},{"start":{"line":168,"column":18},"end":{"line":168,"column":36}}],"line":168},"4":{"loc":{"start":{"line":176,"column":4},"end":{"line":178,"column":5}},"type":"if","locations":[{"start":{"line":176,"column":4},"end":{"line":178,"column":5}},{"start":{},"end":{}}],"line":176}},"s":{"0":3,"1":3,"2":2,"3":1,"4":1,"5":2,"6":2,"7":2,"8":0,"9":0,"10":1,"11":1,"12":1,"13":0,"14":0,"15":1,"16":1,"17":1,"18":0,"19":0,"20":1,"21":1,"22":1,"23":0,"24":0,"25":4,"26":4,"27":3,"28":1,"29":1,"30":1,"31":11,"32":4,"33":7,"34":14,"35":12,"36":7,"37":0,"38":7,"39":7,"40":1,"41":1,"42":1,"43":1,"44":1,"45":1},"f":{"0":3,"1":3,"2":3,"3":3,"4":3,"5":3,"6":3,"7":14,"8":12,"9":3,"10":3,"11":3,"12":3,"13":3},"b":{"0":[1,2],"1":[3,2],"2":[4,7],"3":[11,10],"4":[0,7]},"meta":{"lastBranch":5,"lastFunction":14,"lastStatement":46,"seen":{"f:17:15:17:35":0,"s:18:4:38:5":0,"s:19:20:32:8":1,"s:34:6:34:46":2,"s:36:6:36:83":3,"s:37:6:37:18":4,"f:45:15:45:38":1,"s:46:4:67:5":5,"s:47:20:58:8":6,"s:60:6:60:46":7,"s:62:6:65:8":8,"s:66:6:66:18":9,"f:74:15:74:36":2,"s:75:4:91:5":10,"s:76:20:85:8":11,"s:87:6:87:46":12,"s:89:6:89:85":13,"s:90:6:90:18":14,"f:98:15:98:37":3,"s:99:4:116:5":15,"s:100:20:107:8":16,"s:109:6:109:46":17,"s:111:6:114:8":18,"s:115:6:115:18":19,"f:123:15:123:34":4,"s:124:4:138:5":20,"s:125:20:132:8":21,"s:134:6:134:46":22,"s:136:6:136:81":23,"s:137:6:137:18":24,"f:145:15:145:35":5,"s:146:4:160:5":25,"s:147:19:152:8":26,"b:154:6:156:7:undefined:undefined:undefined:undefined":0,"s:154:6:156:7":27,"b:154:10:154:14:154:18:154:41":1,"s:155:8:155:69":28,"s:158:6:158:82":29,"s:159:6:159:18":30,"f:167:15:167:36":6,"b:168:4:170:5:undefined:undefined:undefined:undefined":2,"s:168:4:170:5":31,"b:168:8:168:14:168:18:168:36":3,"s:169:6:169:13":32,"s:172:22:174:45":33,"f:173:14:173:15":7,"s:173:24:173:47":34,"f:174:11:174:12":8,"s:174:21:174:44":35,"b:176:4:178:5:undefined:undefined:undefined:undefined":4,"s:176:4:178:5":36,"s:177:6:177:13":37,"s:180:4:188:5":38,"s:181:6:181:54":39,"s:183:6:186:8":40,"f:194:15:194:32":9,"s:195:4:210:7":41,"f:213:15:213:35":10,"s:214:4:227:7":42,"f:230:15:230:33":11,"s:231:4:242:7":43,"f:245:15:245:31":12,"s:246:4:255:7":44,"f:258:15:258:34":13,"s:259:4:268:7":45}}}
,"D:\\a web project\\portfolio-cms-backend\\backend-express\\src\\utils\\jwt.js": {"path":"D:\\a web project\\portfolio-cms-backend\\backend-express\\src\\utils\\jwt.js","statementMap":{"0":{"start":{"line":5,"column":4},"end":{"line":12,"column":6}},"1":{"start":{"line":16,"column":4},"end":{"line":23,"column":6}},"2":{"start":{"line":27,"column":4},"end":{"line":27,"column":40}},"3":{"start":{"line":31,"column":4},"end":{"line":31,"column":40}}},"fnMap":{"0":{"name":"(anonymous_0)","decl":{"start":{"line":4,"column":9},"end":{"line":4,"column":28}},"loc":{"start":{"line":4,"column":44},"end":{"line":13,"column":3}},"line":4},"1":{"name":"(anonymous_1)","decl":{"start":{"line":15,"column":9},"end":{"line":15,"column":29}},"loc":{"start":{"line":15,"column":45},"end":{"line":24,"column":3}},"line":15},"2":{"name":"(anonymous_2)","decl":{"start":{"line":26,"column":9},"end":{"line":26,"column":20}},"loc":{"start":{"line":26,"column":28},"end":{"line":28,"column":3}},"line":26},"3":{"name":"(anonymous_3)","decl":{"start":{"line":30,"column":9},"end":{"line":30,"column":20}},"loc":{"start":{"line":30,"column":28},"end":{"line":32,"column":3}},"line":30}},"branchMap":{},"s":{"0":5,"1":5,"2":3,"3":3},"f":{"0":2,"1":2,"2":2,"3":2},"b":{},"meta":{"lastBranch":0,"lastFunction":4,"lastStatement":4,"seen":{"f:4:9:4:28":0,"s:5:4:12:6":0,"f:15:9:15:29":1,"s:16:4:23:6":1,"f:26:9:26:20":2,"s:27:4:27:40":2,"f:30:9:30:20":3,"s:31:4:31:40":3}}}
,"D:\\a web project\\portfolio-cms-backend\\backend-express\\src\\utils\\validator.js": {"path":"D:\\a web project\\portfolio-cms-backend\\backend-express\\src\\utils\\validator.js","statementMap":{"0":{"start":{"line":3,"column":23},"end":{"line":3,"column":51}},"1":{"start":{"line":4,"column":4},"end":{"line":4,"column":34}},"2":{"start":{"line":9,"column":26},"end":{"line":9,"column":54}},"3":{"start":{"line":10,"column":4},"end":{"line":10,"column":40}},"4":{"start":{"line":15,"column":6},"end":{"line":15,"column":71}},"5":{"start":{"line":16,"column":4},"end":{"line":16,"column":32}},"6":{"start":{"line":20,"column":4},"end":{"line":26,"column":6}},"7":{"start":{"line":30,"column":4},"end":{"line":32,"column":5}},"8":{"start":{"line":31,"column":6},"end":{"line":31,"column":43}},"9":{"start":{"line":33,"column":4},"end":{"line":35,"column":5}},"10":{"start":{"line":34,"column":6},"end":{"line":34,"column":46}},"11":{"start":{"line":36,"column":4},"end":{"line":36,"column":16}},"12":{"start":{"line":40,"column":4},"end":{"line":42,"column":5}},"13":{"start":{"line":41,"column":6},"end":{"line":41,"column":46}},"14":{"start":{"line":43,"column":4},"end":{"line":45,"column":5}},"15":{"start":{"line":44,"column":6},"end":{"line":44,"column":64}},"16":{"start":{"line":46,"column":4},"end":{"line":46,"column":16}},"17":{"start":{"line":50,"column":4},"end":{"line":52,"column":5}},"18":{"start":{"line":51,"column":6},"end":{"line":51,"column":42}},"19":{"start":{"line":53,"column":4},"end":{"line":55,"column":5}},"20":{"start":{"line":54,"column":6},"end":{"line":54,"column":60}},"21":{"start":{"line":56,"column":4},"end":{"line":56,"column":16}}},"fnMap":{"0":{"name":"(anonymous_0)","decl":{"start":{"line":2,"column":9},"end":{"line":2,"column":16}},"loc":{"start":{"line":2,"column":24},"end":{"line":5,"column":3}},"line":2},"1":{"name":"(anonymous_1)","decl":{"start":{"line":7,"column":9},"end":{"line":7,"column":25}},"loc":{"start":{"line":7,"column":36},"end":{"line":11,"column":3}},"line":7},"2":{"name":"(anonymous_2)","decl":{"start":{"line":13,"column":9},"end":{"line":13,"column":20}},"loc":{"start":{"line":13,"column":27},"end":{"line":17,"column":3}},"line":13},"3":{"name":"(anonymous_3)","decl":{"start":{"line":19,"column":9},"end":{"line":19,"column":16}},"loc":{"start":{"line":19,"column":24},"end":{"line":27,"column":3}},"line":19},"4":{"name":"(anonymous_4)","decl":{"start":{"line":29,"column":9},"end":{"line":29,"column":22}},"loc":{"start":{"line":29,"column":30},"end":{"line":37,"column":3}},"line":29},"5":{"name":"(anonymous_5)","decl":{"start":{"line":39,"column":9},"end":{"line":39,"column":25}},"loc":{"start":{"line":39,"column":36},"end":{"line":47,"column":3}},"line":39},"6":{"name":"(anonymous_6)","decl":{"start":{"line":49,"column":9},"end":{"line":49,"column":21}},"loc":{"start":{"line":49,"column":28},"end":{"line":57,"column":3}},"line":49}},"branchMap":{"0":{"loc":{"start":{"line":21,"column":6},"end":{"line":25,"column":68}},"type":"binary-expr","locations":[{"start":{"line":21,"column":6},"end":{"line":21,"column":20}},{"start":{"line":22,"column":6},"end":{"line":22,"column":25}},{"start":{"line":23,"column":7},"end":{"line":23,"column":32}},{"start":{"line":23,"column":36},"end":{"line":23,"column":55}},{"start":{"line":24,"column":7},"end":{"line":24,"column":27}},{"start":{"line":24,"column":31},"end":{"line":24,"column":49}},{"start":{"line":25,"column":7},"end":{"line":25,"column":32}},{"start":{"line":25,"column":36},"end":{"line":25,"column":67}}],"line":21},"1":{"loc":{"start":{"line":30,"column":4},"end":{"line":32,"column":5}},"type":"if","locations":[{"start":{"line":30,"column":4},"end":{"line":32,"column":5}},{"start":{},"end":{}}],"line":30},"2":{"loc":{"start":{"line":33,"column":4},"end":{"line":35,"column":5}},"type":"if","locations":[{"start":{"line":33,"column":4},"end":{"line":35,"column":5}},{"start":{},"end":{}}],"line":33},"3":{"loc":{"start":{"line":40,"column":4},"end":{"line":42,"column":5}},"type":"if","locations":[{"start":{"line":40,"column":4},"end":{"line":42,"column":5}},{"start":{},"end":{}}],"line":40},"4":{"loc":{"start":{"line":43,"column":4},"end":{"line":45,"column":5}},"type":"if","locations":[{"start":{"line":43,"column":4},"end":{"line":45,"column":5}},{"start":{},"end":{}}],"line":43},"5":{"loc":{"start":{"line":50,"column":4},"end":{"line":52,"column":5}},"type":"if","locations":[{"start":{"line":50,"column":4},"end":{"line":52,"column":5}},{"start":{},"end":{}}],"line":50},"6":{"loc":{"start":{"line":53,"column":4},"end":{"line":55,"column":5}},"type":"if","locations":[{"start":{"line":53,"column":4},"end":{"line":55,"column":5}},{"start":{},"end":{}}],"line":53}},"s":{"0":14,"1":14,"2":10,"3":10,"4":9,"5":9,"6":32,"7":6,"8":3,"9":3,"10":2,"11":1,"12":7,"13":3,"14":4,"15":2,"16":2,"17":8,"18":4,"19":4,"20":1,"21":3},"f":{"0":2,"1":2,"2":2,"3":2,"4":2,"5":2,"6":2},"b":{"0":[32,28,24,18,18,2,17,3],"1":[3,3],"2":[2,1],"3":[3,4],"4":[2,2],"5":[4,4],"6":[1,3]},"meta":{"lastBranch":7,"lastFunction":7,"lastStatement":22,"seen":{"f:2:9:2:16":0,"s:3:23:3:51":0,"s:4:4:4:34":1,"f:7:9:7:25":1,"s:9:26:9:54":2,"s:10:4:10:40":3,"f:13:9:13:20":2,"s:15:6:15:71":4,"s:16:4:16:32":5,"f:19:9:19:16":3,"s:20:4:26:6":6,"b:21:6:21:20:22:6:22:25:23:7:23:32:23:36:23:55:24:7:24:27:24:31:24:49:25:7:25:32:25:36:25:67":0,"f:29:9:29:22":4,"b:30:4:32:5:undefined:undefined:undefined:undefined":1,"s:30:4:32:5":7,"s:31:6:31:43":8,"b:33:4:35:5:undefined:undefined:undefined:undefined":2,"s:33:4:35:5":9,"s:34:6:34:46":10,"s:36:4:36:16":11,"f:39:9:39:25":5,"b:40:4:42:5:undefined:undefined:undefined:undefined":3,"s:40:4:42:5":12,"s:41:6:41:46":13,"b:43:4:45:5:undefined:undefined:undefined:undefined":4,"s:43:4:45:5":14,"s:44:6:44:64":15,"s:46:4:46:16":16,"f:49:9:49:21":6,"b:50:4:52:5:undefined:undefined:undefined:undefined":5,"s:50:4:52:5":17,"s:51:6:51:42":18,"b:53:4:55:5:undefined:undefined:undefined:undefined":6,"s:53:4:55:5":19,"s:54:6:54:60":20,"s:56:4:56:16":21}}}
}
