{"D:\\a web project\\portfolio-cms-backend\\backend-express\\src\\modules\\apikey\\apikey.controller.js": {"path":"D:\\a web project\\portfolio-cms-backend\\backend-express\\src\\modules\\apikey\\apikey.controller.js","statementMap":{"0":{"start":{"line":5,"column":4},"end":{"line":5,"column":39}},"1":{"start":{"line":9,"column":4},"end":{"line":25,"column":5}},"2":{"start":{"line":10,"column":21},"end":{"line":10,"column":32}},"3":{"start":{"line":12,"column":21},"end":{"line":12,"column":62}},"4":{"start":{"line":14,"column":6},"end":{"line":22,"column":9}},"5":{"start":{"line":24,"column":6},"end":{"line":24,"column":18}},"6":{"start":{"line":29,"column":4},"end":{"line":41,"column":5}},"7":{"start":{"line":30,"column":21},"end":{"line":30,"column":32}},"8":{"start":{"line":32,"column":21},"end":{"line":32,"column":58}},"9":{"start":{"line":34,"column":6},"end":{"line":38,"column":9}},"10":{"start":{"line":40,"column":6},"end":{"line":40,"column":18}},"11":{"start":{"line":45,"column":4},"end":{"line":60,"column":5}},"12":{"start":{"line":46,"column":21},"end":{"line":46,"column":32}},"13":{"start":{"line":47,"column":27},"end":{"line":47,"column":37}},"14":{"start":{"line":49,"column":21},"end":{"line":49,"column":70}},"15":{"start":{"line":51,"column":6},"end":{"line":57,"column":9}},"16":{"start":{"line":59,"column":6},"end":{"line":59,"column":18}}},"fnMap":{"0":{"name":"(anonymous_0)","decl":{"start":{"line":4,"column":2},"end":{"line":4,"column":13}},"loc":{"start":{"line":4,"column":16},"end":{"line":6,"column":3}},"line":4},"1":{"name":"(anonymous_1)","decl":{"start":{"line":8,"column":8},"end":{"line":8,"column":22}},"loc":{"start":{"line":8,"column":39},"end":{"line":26,"column":3}},"line":8},"2":{"name":"(anonymous_2)","decl":{"start":{"line":28,"column":8},"end":{"line":28,"column":18}},"loc":{"start":{"line":28,"column":35},"end":{"line":42,"column":3}},"line":28},"3":{"name":"(anonymous_3)","decl":{"start":{"line":44,"column":8},"end":{"line":44,"column":20}},"loc":{"start":{"line":44,"column":37},"end":{"line":61,"column":3}},"line":44}},"branchMap":{},"s":{"0":7,"1":2,"2":2,"3":2,"4":1,"5":1,"6":2,"7":2,"8":2,"9":1,"10":1,"11":3,"12":3,"13":3,"14":3,"15":2,"16":1},"f":{"0":7,"1":2,"2":2,"3":3},"b":{},"meta":{"lastBranch":0,"lastFunction":4,"lastStatement":17,"seen":{"f:4:2:4:13":0,"s:5:4:5:39":0,"f:8:8:8:22":1,"s:9:4:25:5":1,"s:10:21:10:32":2,"s:12:21:12:62":3,"s:14:6:22:9":4,"s:24:6:24:18":5,"f:28:8:28:18":2,"s:29:4:41:5":6,"s:30:21:30:32":7,"s:32:21:32:58":8,"s:34:6:38:9":9,"s:40:6:40:18":10,"f:44:8:44:20":3,"s:45:4:60:5":11,"s:46:21:46:32":12,"s:47:27:47:37":13,"s:49:21:49:70":14,"s:51:6:57:9":15,"s:59:6:59:18":16}}}
,"D:\\a web project\\portfolio-cms-backend\\backend-express\\src\\modules\\apikey\\apikey.repository.js": {"path":"D:\\a web project\\portfolio-cms-backend\\backend-express\\src\\modules\\apikey\\apikey.repository.js","statementMap":{"0":{"start":{"line":5,"column":4},"end":{"line":8,"column":7}},"1":{"start":{"line":12,"column":4},"end":{"line":14,"column":7}},"2":{"start":{"line":18,"column":4},"end":{"line":20,"column":7}},"3":{"start":{"line":24,"column":4},"end":{"line":26,"column":7}},"4":{"start":{"line":30,"column":4},"end":{"line":32,"column":7}},"5":{"start":{"line":36,"column":4},"end":{"line":38,"column":7}},"6":{"start":{"line":42,"column":4},"end":{"line":45,"column":7}}},"fnMap":{"0":{"name":"(anonymous_0)","decl":{"start":{"line":4,"column":8},"end":{"line":4,"column":27}},"loc":{"start":{"line":4,"column":36},"end":{"line":9,"column":3}},"line":4},"1":{"name":"(anonymous_1)","decl":{"start":{"line":11,"column":8},"end":{"line":11,"column":22}},"loc":{"start":{"line":11,"column":27},"end":{"line":15,"column":3}},"line":11},"2":{"name":"(anonymous_2)","decl":{"start":{"line":17,"column":8},"end":{"line":17,"column":23}},"loc":{"start":{"line":17,"column":32},"end":{"line":21,"column":3}},"line":17},"3":{"name":"(anonymous_3)","decl":{"start":{"line":23,"column":8},"end":{"line":23,"column":20}},"loc":{"start":{"line":23,"column":27},"end":{"line":27,"column":3}},"line":23},"4":{"name":"(anonymous_4)","decl":{"start":{"line":29,"column":8},"end":{"line":29,"column":20}},"loc":{"start":{"line":29,"column":25},"end":{"line":33,"column":3}},"line":29},"5":{"name":"(anonymous_5)","decl":{"start":{"line":35,"column":8},"end":{"line":35,"column":25}},"loc":{"start":{"line":35,"column":34},"end":{"line":39,"column":3}},"line":35},"6":{"name":"(anonymous_6)","decl":{"start":{"line":41,"column":8},"end":{"line":41,"column":20}},"loc":{"start":{"line":41,"column":31},"end":{"line":46,"column":3}},"line":41}},"branchMap":{},"s":{"0":2,"1":2,"2":1,"3":1,"4":1,"5":1,"6":1},"f":{"0":2,"1":2,"2":1,"3":1,"4":1,"5":1,"6":1},"b":{},"meta":{"lastBranch":0,"lastFunction":7,"lastStatement":7,"seen":{"f:4:8:4:27":0,"s:5:4:8:7":0,"f:11:8:11:22":1,"s:12:4:14:7":1,"f:17:8:17:23":2,"s:18:4:20:7":2,"f:23:8:23:20":3,"s:24:4:26:7":3,"f:29:8:29:20":4,"s:30:4:32:7":4,"f:35:8:35:25":5,"s:36:4:38:7":5,"f:41:8:41:20":6,"s:42:4:45:7":6}}}
,"D:\\a web project\\portfolio-cms-backend\\backend-express\\src\\modules\\apikey\\apikey.service.js": {"path":"D:\\a web project\\portfolio-cms-backend\\backend-express\\src\\modules\\apikey\\apikey.service.js","statementMap":{"0":{"start":{"line":8,"column":4},"end":{"line":8,"column":45}},"1":{"start":{"line":9,"column":4},"end":{"line":9,"column":47}},"2":{"start":{"line":14,"column":6},"end":{"line":14,"column":70}},"3":{"start":{"line":15,"column":17},"end":{"line":15,"column":22}},"4":{"start":{"line":16,"column":4},"end":{"line":18,"column":5}},"5":{"start":{"line":16,"column":17},"end":{"line":16,"column":18}},"6":{"start":{"line":17,"column":6},"end":{"line":17,"column":71}},"7":{"start":{"line":19,"column":4},"end":{"line":19,"column":18}},"8":{"start":{"line":24,"column":17},"end":{"line":24,"column":63}},"9":{"start":{"line":25,"column":4},"end":{"line":27,"column":5}},"10":{"start":{"line":26,"column":6},"end":{"line":26,"column":48}},"11":{"start":{"line":30,"column":19},"end":{"line":30,"column":47}},"12":{"start":{"line":33,"column":22},"end":{"line":37,"column":6}},"13":{"start":{"line":39,"column":4},"end":{"line":44,"column":6}},"14":{"start":{"line":49,"column":17},"end":{"line":49,"column":63}},"15":{"start":{"line":50,"column":4},"end":{"line":52,"column":5}},"16":{"start":{"line":51,"column":6},"end":{"line":51,"column":48}},"17":{"start":{"line":54,"column":20},"end":{"line":54,"column":69}},"18":{"start":{"line":56,"column":4},"end":{"line":65,"column":6}},"19":{"start":{"line":58,"column":37},"end":{"line":63,"column":7}},"20":{"start":{"line":70,"column":17},"end":{"line":70,"column":63}},"21":{"start":{"line":71,"column":4},"end":{"line":73,"column":5}},"22":{"start":{"line":72,"column":6},"end":{"line":72,"column":48}},"23":{"start":{"line":76,"column":19},"end":{"line":76,"column":65}},"24":{"start":{"line":77,"column":4},"end":{"line":79,"column":5}},"25":{"start":{"line":78,"column":6},"end":{"line":78,"column":51}},"26":{"start":{"line":82,"column":4},"end":{"line":84,"column":5}},"27":{"start":{"line":83,"column":6},"end":{"line":83,"column":51}},"28":{"start":{"line":87,"column":4},"end":{"line":87,"column":49}},"29":{"start":{"line":89,"column":4},"end":{"line":91,"column":6}},"30":{"start":{"line":95,"column":16},"end":{"line":95,"column":61}},"31":{"start":{"line":96,"column":4},"end":{"line":98,"column":5}},"32":{"start":{"line":97,"column":6},"end":{"line":97,"column":18}},"33":{"start":{"line":100,"column":4},"end":{"line":104,"column":6}},"34":{"start":{"line":109,"column":4},"end":{"line":111,"column":5}},"35":{"start":{"line":110,"column":6},"end":{"line":110,"column":20}},"36":{"start":{"line":112,"column":4},"end":{"line":116,"column":6}}},"fnMap":{"0":{"name":"(anonymous_0)","decl":{"start":{"line":7,"column":2},"end":{"line":7,"column":13}},"loc":{"start":{"line":7,"column":16},"end":{"line":10,"column":3}},"line":7},"1":{"name":"(anonymous_1)","decl":{"start":{"line":12,"column":2},"end":{"line":12,"column":23}},"loc":{"start":{"line":12,"column":26},"end":{"line":20,"column":3}},"line":12},"2":{"name":"(anonymous_2)","decl":{"start":{"line":22,"column":8},"end":{"line":22,"column":22}},"loc":{"start":{"line":22,"column":31},"end":{"line":45,"column":3}},"line":22},"3":{"name":"(anonymous_3)","decl":{"start":{"line":47,"column":8},"end":{"line":47,"column":18}},"loc":{"start":{"line":47,"column":27},"end":{"line":66,"column":3}},"line":47},"4":{"name":"(anonymous_4)","decl":{"start":{"line":58,"column":27},"end":{"line":58,"column":28}},"loc":{"start":{"line":58,"column":37},"end":{"line":63,"column":7}},"line":58},"5":{"name":"(anonymous_5)","decl":{"start":{"line":68,"column":8},"end":{"line":68,"column":20}},"loc":{"start":{"line":68,"column":39},"end":{"line":92,"column":3}},"line":68},"6":{"name":"(anonymous_6)","decl":{"start":{"line":94,"column":8},"end":{"line":94,"column":20}},"loc":{"start":{"line":94,"column":29},"end":{"line":105,"column":3}},"line":94},"7":{"name":"(anonymous_7)","decl":{"start":{"line":107,"column":2},"end":{"line":107,"column":13}},"loc":{"start":{"line":107,"column":22},"end":{"line":117,"column":3}},"line":107}},"branchMap":{"0":{"loc":{"start":{"line":25,"column":4},"end":{"line":27,"column":5}},"type":"if","locations":[{"start":{"line":25,"column":4},"end":{"line":27,"column":5}},{"start":{},"end":{}}],"line":25},"1":{"loc":{"start":{"line":50,"column":4},"end":{"line":52,"column":5}},"type":"if","locations":[{"start":{"line":50,"column":4},"end":{"line":52,"column":5}},{"start":{},"end":{}}],"line":50},"2":{"loc":{"start":{"line":71,"column":4},"end":{"line":73,"column":5}},"type":"if","locations":[{"start":{"line":71,"column":4},"end":{"line":73,"column":5}},{"start":{},"end":{}}],"line":71},"3":{"loc":{"start":{"line":77,"column":4},"end":{"line":79,"column":5}},"type":"if","locations":[{"start":{"line":77,"column":4},"end":{"line":79,"column":5}},{"start":{},"end":{}}],"line":77},"4":{"loc":{"start":{"line":82,"column":4},"end":{"line":84,"column":5}},"type":"if","locations":[{"start":{"line":82,"column":4},"end":{"line":84,"column":5}},{"start":{},"end":{}}],"line":82},"5":{"loc":{"start":{"line":96,"column":4},"end":{"line":98,"column":5}},"type":"if","locations":[{"start":{"line":96,"column":4},"end":{"line":98,"column":5}},{"start":{},"end":{}}],"line":96},"6":{"loc":{"start":{"line":109,"column":4},"end":{"line":111,"column":5}},"type":"if","locations":[{"start":{"line":109,"column":4},"end":{"line":111,"column":5}},{"start":{},"end":{}}],"line":109}},"s":{"0":22,"1":22,"2":2,"3":2,"4":2,"5":2,"6":64,"7":2,"8":2,"9":2,"10":1,"11":1,"12":1,"13":1,"14":3,"15":3,"16":1,"17":2,"18":2,"19":2,"20":4,"21":4,"22":1,"23":3,"24":3,"25":1,"26":2,"27":1,"28":1,"29":1,"30":2,"31":2,"32":1,"33":1,"34":5,"35":1,"36":4},"f":{"0":22,"1":2,"2":2,"3":3,"4":2,"5":4,"6":2,"7":5},"b":{"0":[1,1],"1":[1,2],"2":[1,3],"3":[1,2],"4":[1,1],"5":[1,1],"6":[1,4]},"meta":{"lastBranch":7,"lastFunction":8,"lastStatement":37,"seen":{"f:7:2:7:13":0,"s:8:4:8:45":0,"s:9:4:9:47":1,"f:12:2:12:23":1,"s:14:6:14:70":2,"s:15:17:15:22":3,"s:16:4:18:5":4,"s:16:17:16:18":5,"s:17:6:17:71":6,"s:19:4:19:18":7,"f:22:8:22:22":2,"s:24:17:24:63":8,"b:25:4:27:5:undefined:undefined:undefined:undefined":0,"s:25:4:27:5":9,"s:26:6:26:48":10,"s:30:19:30:47":11,"s:33:22:37:6":12,"s:39:4:44:6":13,"f:47:8:47:18":3,"s:49:17:49:63":14,"b:50:4:52:5:undefined:undefined:undefined:undefined":1,"s:50:4:52:5":15,"s:51:6:51:48":16,"s:54:20:54:69":17,"s:56:4:65:6":18,"f:58:27:58:28":4,"s:58:37:63:7":19,"f:68:8:68:20":5,"s:70:17:70:63":20,"b:71:4:73:5:undefined:undefined:undefined:undefined":2,"s:71:4:73:5":21,"s:72:6:72:48":22,"s:76:19:76:65":23,"b:77:4:79:5:undefined:undefined:undefined:undefined":3,"s:77:4:79:5":24,"s:78:6:78:51":25,"b:82:4:84:5:undefined:undefined:undefined:undefined":4,"s:82:4:84:5":26,"s:83:6:83:51":27,"s:87:4:87:49":28,"s:89:4:91:6":29,"f:94:8:94:20":6,"s:95:16:95:61":30,"b:96:4:98:5:undefined:undefined:undefined:undefined":5,"s:96:4:98:5":31,"s:97:6:97:18":32,"s:100:4:104:6":33,"f:107:2:107:13":7,"b:109:4:111:5:undefined:undefined:undefined:undefined":6,"s:109:4:111:5":34,"s:110:6:110:20":35,"s:112:4:116:6":36}}}
,"D:\\a web project\\portfolio-cms-backend\\backend-express\\src\\modules\\auth\\auth.repository.js": {"path":"D:\\a web project\\portfolio-cms-backend\\backend-express\\src\\modules\\auth\\auth.repository.js","statementMap":{"0":{"start":{"line":5,"column":4},"end":{"line":7,"column":7}},"1":{"start":{"line":11,"column":4},"end":{"line":13,"column":7}},"2":{"start":{"line":17,"column":4},"end":{"line":19,"column":7}},"3":{"start":{"line":23,"column":4},"end":{"line":26,"column":7}}},"fnMap":{"0":{"name":"(anonymous_0)","decl":{"start":{"line":4,"column":8},"end":{"line":4,"column":23}},"loc":{"start":{"line":4,"column":31},"end":{"line":8,"column":3}},"line":4},"1":{"name":"(anonymous_1)","decl":{"start":{"line":10,"column":8},"end":{"line":10,"column":18}},"loc":{"start":{"line":10,"column":25},"end":{"line":14,"column":3}},"line":10},"2":{"name":"(anonymous_2)","decl":{"start":{"line":16,"column":8},"end":{"line":16,"column":20}},"loc":{"start":{"line":16,"column":25},"end":{"line":20,"column":3}},"line":16},"3":{"name":"(anonymous_3)","decl":{"start":{"line":22,"column":8},"end":{"line":22,"column":18}},"loc":{"start":{"line":22,"column":29},"end":{"line":27,"column":3}},"line":22}},"branchMap":{},"s":{"0":0,"1":0,"2":0,"3":0},"f":{"0":0,"1":0,"2":0,"3":0},"b":{},"meta":{"lastBranch":0,"lastFunction":4,"lastStatement":4,"seen":{"f:4:8:4:23":0,"s:5:4:7:7":0,"f:10:8:10:18":1,"s:11:4:13:7":1,"f:16:8:16:20":2,"s:17:4:19:7":2,"f:22:8:22:18":3,"s:23:4:26:7":3}}}
,"D:\\a web project\\portfolio-cms-backend\\backend-express\\src\\prisma\\client.js": {"path":"D:\\a web project\\portfolio-cms-backend\\backend-express\\src\\prisma\\client.js","statementMap":{"0":{"start":{"line":3,"column":15},"end":{"line":3,"column":33}}},"fnMap":{},"branchMap":{},"s":{"0":2},"f":{},"b":{},"meta":{"lastBranch":0,"lastFunction":0,"lastStatement":1,"seen":{"s:3:15:3:33":0}}}
,"D:\\a web project\\portfolio-cms-backend\\backend-express\\src\\utils\\errors.js": {"path":"D:\\a web project\\portfolio-cms-backend\\backend-express\\src\\utils\\errors.js","statementMap":{"0":{"start":{"line":3,"column":4},"end":{"line":3,"column":19}},"1":{"start":{"line":4,"column":4},"end":{"line":4,"column":33}},"2":{"start":{"line":5,"column":4},"end":{"line":5,"column":27}},"3":{"start":{"line":6,"column":4},"end":{"line":6,"column":52}},"4":{"start":{"line":12,"column":4},"end":{"line":12,"column":24}},"5":{"start":{"line":13,"column":4},"end":{"line":13,"column":34}},"6":{"start":{"line":19,"column":4},"end":{"line":19,"column":24}},"7":{"start":{"line":20,"column":4},"end":{"line":20,"column":38}},"8":{"start":{"line":26,"column":4},"end":{"line":26,"column":24}},"9":{"start":{"line":27,"column":4},"end":{"line":27,"column":37}},"10":{"start":{"line":33,"column":4},"end":{"line":33,"column":24}},"11":{"start":{"line":34,"column":4},"end":{"line":34,"column":32}},"12":{"start":{"line":40,"column":4},"end":{"line":40,"column":24}},"13":{"start":{"line":41,"column":4},"end":{"line":41,"column":32}}},"fnMap":{"0":{"name":"(anonymous_0)","decl":{"start":{"line":2,"column":2},"end":{"line":2,"column":13}},"loc":{"start":{"line":2,"column":41},"end":{"line":7,"column":3}},"line":2},"1":{"name":"(anonymous_1)","decl":{"start":{"line":11,"column":2},"end":{"line":11,"column":13}},"loc":{"start":{"line":11,"column":44},"end":{"line":14,"column":3}},"line":11},"2":{"name":"(anonymous_2)","decl":{"start":{"line":18,"column":2},"end":{"line":18,"column":13}},"loc":{"start":{"line":18,"column":49},"end":{"line":21,"column":3}},"line":18},"3":{"name":"(anonymous_3)","decl":{"start":{"line":25,"column":2},"end":{"line":25,"column":13}},"loc":{"start":{"line":25,"column":37},"end":{"line":28,"column":3}},"line":25},"4":{"name":"(anonymous_4)","decl":{"start":{"line":32,"column":2},"end":{"line":32,"column":13}},"loc":{"start":{"line":32,"column":46},"end":{"line":35,"column":3}},"line":32},"5":{"name":"(anonymous_5)","decl":{"start":{"line":39,"column":2},"end":{"line":39,"column":13}},"loc":{"start":{"line":39,"column":51},"end":{"line":42,"column":3}},"line":39}},"branchMap":{"0":{"loc":{"start":{"line":2,"column":23},"end":{"line":2,"column":39}},"type":"default-arg","locations":[{"start":{"line":2,"column":36},"end":{"line":2,"column":39}}],"line":2},"1":{"loc":{"start":{"line":11,"column":14},"end":{"line":11,"column":42}},"type":"default-arg","locations":[{"start":{"line":11,"column":24},"end":{"line":11,"column":42}}],"line":11},"2":{"loc":{"start":{"line":18,"column":14},"end":{"line":18,"column":47}},"type":"default-arg","locations":[{"start":{"line":18,"column":24},"end":{"line":18,"column":47}}],"line":18},"3":{"loc":{"start":{"line":25,"column":14},"end":{"line":25,"column":35}},"type":"default-arg","locations":[{"start":{"line":25,"column":24},"end":{"line":25,"column":35}}],"line":25},"4":{"loc":{"start":{"line":32,"column":14},"end":{"line":32,"column":44}},"type":"default-arg","locations":[{"start":{"line":32,"column":24},"end":{"line":32,"column":44}}],"line":32},"5":{"loc":{"start":{"line":39,"column":14},"end":{"line":39,"column":49}},"type":"default-arg","locations":[{"start":{"line":39,"column":24},"end":{"line":39,"column":49}}],"line":39}},"s":{"0":5,"1":5,"2":5,"3":5,"4":0,"5":0,"6":0,"7":0,"8":0,"9":0,"10":5,"11":5,"12":0,"13":0},"f":{"0":5,"1":0,"2":0,"3":0,"4":5,"5":0},"b":{"0":[5],"1":[0],"2":[0],"3":[0],"4":[5],"5":[0]},"meta":{"lastBranch":6,"lastFunction":6,"lastStatement":14,"seen":{"f:2:2:2:13":0,"b:2:36:2:39":0,"s:3:4:3:19":0,"s:4:4:4:33":1,"s:5:4:5:27":2,"s:6:4:6:52":3,"f:11:2:11:13":1,"b:11:24:11:42":1,"s:12:4:12:24":4,"s:13:4:13:34":5,"f:18:2:18:13":2,"b:18:24:18:47":2,"s:19:4:19:24":6,"s:20:4:20:38":7,"f:25:2:25:13":3,"b:25:24:25:35":3,"s:26:4:26:24":8,"s:27:4:27:37":9,"f:32:2:32:13":4,"b:32:24:32:44":4,"s:33:4:33:24":10,"s:34:4:34:32":11,"f:39:2:39:13":5,"b:39:24:39:49":5,"s:40:4:40:24":12,"s:41:4:41:32":13}}}
}
